<?xml version="1.0" encoding="UTF-8"?>
<testsuite xmlns:xsi="http://www.w3.org/2001/XMLSchema-instance" xsi:noNamespaceSchemaLocation="https://maven.apache.org/surefire/maven-surefire-plugin/xsd/surefire-test-report-3.0.xsd" version="3.0" name="com.example.ecole.EcoleApplicationTests" time="6.658" tests="1" errors="0" skipped="0" failures="0">
  <properties>
[...]
</properties>
  <testcase name="contextLoads" classname="com.example.ecole.EcoleApplicationTests" time="0.465">
    <system-out><![CDATA[01:11:29.656 [main] INFO org.springframework.boot.devtools.restart.RestartApplicationListener -- Restart disabled due to context in which it is running
  .   ____          _            __ _ _
 /\\ / ___'_ __ _ _(_)_ __  __ _ \ \ \ \
( ( )\___ | '_ | '_| | '_ \/ _` | \ \ \ \
 \\/  ___)| |_)| | | | | || (_| |  ) ) ) )
  '  |____| .__|_| |_|_| |_\__, | / / / /
 =========|_|==============|___/=/_/_/_/

 :: Spring Boot ::                (v3.3.0)

2026-06-29 01:11:29.960 INFO  [main] c.e.ecole.EcoleApplicationTests - Starting EcoleApplicationTests using Java 21.0.10 with PID 56664 (started by gaelle in /home/gaelle/Documents/L2/S4/Projet Baovola/MiniSoutenance/Baovola3)
2026-06-29 01:11:29.962 DEBUG [main] c.e.ecole.EcoleApplicationTests - Running with Spring Boot v3.3.0, Spring v6.1.8
2026-06-29 01:11:29.963 INFO  [main] c.e.ecole.EcoleApplicationTests - No active profile set, falling back to 1 default profile: "default"
2026-06-29 01:11:29.964 DEBUG [main] o.s.boot.SpringApplication - Loading source class com.ecole.EcoleApplication
2026-06-29 01:11:30.041 DEBUG [main] o.s.w.c.s.GenericWebApplicationContext - Refreshing org.springframework.web.context.support.GenericWebApplicationContext@7fe083b1
2026-06-29 01:11:30.067 DEBUG [main] o.s.b.f.s.DefaultListableBeanFactory - Creating shared instance of singleton bean 'org.springframework.context.annotation.internalConfigurationAnnotationProcessor'
2026-06-29 01:11:30.082 DEBUG [main] o.s.b.f.s.DefaultListableBeanFactory - Creating shared instance of singleton bean 'org.springframework.boot.autoconfigure.internalCachingMetadataReaderFactory'
2026-06-29 01:11:30.168 DEBUG [main] o.s.c.a.ClassPathBeanDefinitionScanner - Identified candidate component class: file [/home/gaelle/Documents/L2/S4/Projet Baovola/MiniSoutenance/Baovola3/target/classes/com/ecole/config/SecurityConfig.class]
2026-06-29 01:11:30.178 DEBUG [main] o.s.c.a.ClassPathBeanDefinitionScanner - Identified candidate component class: file [/home/gaelle/Documents/L2/S4/Projet Baovola/MiniSoutenance/Baovola3/target/classes/com/ecole/controller/CommunsController.class]
2026-06-29 01:11:30.179 DEBUG [main] o.s.c.a.ClassPathBeanDefinitionScanner - Identified candidate component class: file [/home/gaelle/Documents/L2/S4/Projet Baovola/MiniSoutenance/Baovola3/target/classes/com/ecole/controller/DirecteurController.class]
2026-06-29 01:11:30.180 DEBUG [main] o.s.c.a.ClassPathBeanDefinitionScanner - Identified candidate component class: file [/home/gaelle/Documents/L2/S4/Projet Baovola/MiniSoutenance/Baovola3/target/classes/com/ecole/controller/Etudiant/EtudiantController.class]
2026-06-29 01:11:30.181 DEBUG [main] o.s.c.a.ClassPathBeanDefinitionScanner - Identified candidate component class: file [/home/gaelle/Documents/L2/S4/Projet Baovola/MiniSoutenance/Baovola3/target/classes/com/ecole/controller/FragmentController.class]
2026-06-29 01:11:30.182 DEBUG [main] o.s.c.a.ClassPathBeanDefinitionScanner - Identified candidate component class: file [/home/gaelle/Documents/L2/S4/Projet Baovola/MiniSoutenance/Baovola3/target/classes/com/ecole/controller/HomeController.class]
2026-06-29 01:11:30.184 DEBUG [main] o.s.c.a.ClassPathBeanDefinitionScanner - Identified candidate component class: file [/home/gaelle/Documents/L2/S4/Projet Baovola/MiniSoutenance/Baovola3/target/classes/com/ecole/controller/LoginController.class]
2026-06-29 01:11:30.185 DEBUG [main] o.s.c.a.ClassPathBeanDefinitionScanner - Identified candidate component class: file [/home/gaelle/Documents/L2/S4/Projet Baovola/MiniSoutenance/Baovola3/target/classes/com/ecole/controller/ProfesseurController.class]
2026-06-29 01:11:30.186 DEBUG [main] o.s.c.a.ClassPathBeanDefinitionScanner - Identified candidate component class: file [/home/gaelle/Documents/L2/S4/Projet Baovola/MiniSoutenance/Baovola3/target/classes/com/ecole/controller/SecretaireController.class]
2026-06-29 01:11:30.204 DEBUG [main] o.s.c.a.ClassPathBeanDefinitionScanner - Identified candidate component class: file [/home/gaelle/Documents/L2/S4/Projet Baovola/MiniSoutenance/Baovola3/target/classes/com/ecole/service/Etudiant/UserService.class]
2026-06-29 01:11:30.819 INFO  [main] o.s.d.r.c.RepositoryConfigurationDelegate - Bootstrapping Spring Data JPA repositories in DEFAULT mode.
2026-06-29 01:11:30.825 DEBUG [main] o.s.b.f.s.DefaultListableBeanFactory - Creating shared instance of singleton bean 'org.springframework.boot.autoconfigure.AutoConfigurationPackages'
2026-06-29 01:11:30.832 DEBUG [main] o.s.b.a.AutoConfigurationPackages - @EnableAutoConfiguration was declared on a class in the package 'com.ecole'. Automatic @Repository and @Entity scanning is enabled.
2026-06-29 01:11:30.833 DEBUG [main] o.s.d.r.c.RepositoryConfigurationDelegate - Scanning for JPA repositories in packages com.ecole.
2026-06-29 01:11:30.845 DEBUG [main] o.s.d.r.c.RepositoryComponentProvider - Identified candidate component class: file [/home/gaelle/Documents/L2/S4/Projet Baovola/MiniSoutenance/Baovola3/target/classes/com/ecole/repository/Etudiant/CoefficientRepository.class]
2026-06-29 01:11:30.846 DEBUG [main] o.s.d.r.c.RepositoryComponentProvider - Identified candidate component class: file [/home/gaelle/Documents/L2/S4/Projet Baovola/MiniSoutenance/Baovola3/target/classes/com/ecole/repository/Etudiant/DevoirRepository.class]
2026-06-29 01:11:30.846 DEBUG [main] o.s.d.r.c.RepositoryComponentProvider - Identified candidate component class: file [/home/gaelle/Documents/L2/S4/Projet Baovola/MiniSoutenance/Baovola3/target/classes/com/ecole/repository/Etudiant/EmploiDuTempsRepository.class]
2026-06-29 01:11:30.846 DEBUG [main] o.s.d.r.c.RepositoryComponentProvider - Identified candidate component class: file [/home/gaelle/Documents/L2/S4/Projet Baovola/MiniSoutenance/Baovola3/target/classes/com/ecole/repository/Etudiant/InscriptionRepository.class]
2026-06-29 01:11:30.846 DEBUG [main] o.s.d.r.c.RepositoryComponentProvider - Identified candidate component class: file [/home/gaelle/Documents/L2/S4/Projet Baovola/MiniSoutenance/Baovola3/target/classes/com/ecole/repository/Etudiant/LeconRepository.class]
2026-06-29 01:11:30.846 DEBUG [main] o.s.d.r.c.RepositoryComponentProvider - Identified candidate component class: file [/home/gaelle/Documents/L2/S4/Projet Baovola/MiniSoutenance/Baovola3/target/classes/com/ecole/repository/Etudiant/NoteRepository.class]
2026-06-29 01:11:30.847 DEBUG [main] o.s.d.r.c.RepositoryComponentProvider - Identified candidate component class: file [/home/gaelle/Documents/L2/S4/Projet Baovola/MiniSoutenance/Baovola3/target/classes/com/ecole/repository/Etudiant/UserRepository.class]
2026-06-29 01:11:30.847 DEBUG [main] o.s.d.r.c.RepositoryComponentProvider - Identified candidate component class: file [/home/gaelle/Documents/L2/S4/Projet Baovola/MiniSoutenance/Baovola3/target/classes/com/ecole/repository/Etudiant/classeRepository.class]
2026-06-29 01:11:30.892 INFO  [main] o.s.d.r.c.RepositoryConfigurationDelegate - Finished Spring Data repository scanning in 57 ms. Found 8 JPA repository interfaces.
2026-06-29 01:11:31.008 DEBUG [main] o.s.b.f.s.DefaultListableBeanFactory - Creating shared instance of singleton bean 'springSecurityHandlerMappingIntrospectorBeanDefinitionRegistryPostProcessor'
2026-06-29 01:11:31.093 DEBUG [main] o.s.b.f.s.DefaultListableBeanFactory - Creating shared instance of singleton bean 'propertySourcesPlaceholderConfigurer'
2026-06-29 01:11:31.097 DEBUG [main] o.s.b.f.s.DefaultListableBeanFactory - Creating shared instance of singleton bean 'org.springframework.boot.test.mock.mockito.MockitoPostProcessor'
2026-06-29 01:11:31.099 DEBUG [main] o.s.b.f.s.DefaultListableBeanFactory - Creating shared instance of singleton bean 'emBeanDefinitionRegistrarPostProcessor'
2026-06-29 01:11:31.100 DEBUG [main] o.s.b.f.s.DefaultListableBeanFactory - Creating shared instance of singleton bean 'org.springframework.boot.sql.init.dependency.DatabaseInitializationDependencyConfigurer$DependsOnDatabaseInitializationPostProcessor'
2026-06-29 01:11:31.147 DEBUG [main] o.s.b.f.s.DefaultListableBeanFactory - Creating shared instance of singleton bean 'org.springframework.context.event.internalEventListenerProcessor'
2026-06-29 01:11:31.148 DEBUG [main] o.s.b.f.s.DefaultListableBeanFactory - Creating shared instance of singleton bean 'conversionServicePostProcessor'
2026-06-29 01:11:31.154 DEBUG [main] o.s.b.f.s.DefaultListableBeanFactory - Creating shared instance of singleton bean 'preserveErrorControllerTargetClassPostProcessor'
2026-06-29 01:11:31.156 DEBUG [main] o.s.b.f.s.DefaultListableBeanFactory - Creating shared instance of singleton bean 'org.springframework.context.event.internalEventListenerFactory'
2026-06-29 01:11:31.156 DEBUG [main] o.s.b.f.s.DefaultListableBeanFactory - Creating shared instance of singleton bean 'org.springframework.transaction.config.internalTransactionalEventListenerFactory'
2026-06-29 01:11:31.160 DEBUG [main] o.s.b.f.s.DefaultListableBeanFactory - Creating shared instance of singleton bean 'org.springframework.boot.test.mock.mockito.MockitoPostProcessor$SpyPostProcessor'
2026-06-29 01:11:31.161 DEBUG [main] o.s.b.f.s.DefaultListableBeanFactory - Creating shared instance of singleton bean 'org.springframework.context.annotation.internalAutowiredAnnotationProcessor'
2026-06-29 01:11:31.162 DEBUG [main] o.s.b.f.s.DefaultListableBeanFactory - Creating shared instance of singleton bean 'org.springframework.context.annotation.internalCommonAnnotationProcessor'
2026-06-29 01:11:31.165 DEBUG [main] o.s.b.f.s.DefaultListableBeanFactory - Creating shared instance of singleton bean 'org.springframework.context.annotation.internalPersistenceAnnotationProcessor'
2026-06-29 01:11:31.165 DEBUG [main] o.s.b.f.s.DefaultListableBeanFactory - Creating shared instance of singleton bean 'org.springframework.boot.context.properties.ConfigurationPropertiesBindingPostProcessor'
2026-06-29 01:11:31.165 DEBUG [main] o.s.b.f.s.DefaultListableBeanFactory - Creating shared instance of singleton bean 'org.springframework.boot.context.internalConfigurationPropertiesBinder'
2026-06-29 01:11:31.168 DEBUG [main] o.s.b.f.s.DefaultListableBeanFactory - Creating shared instance of singleton bean 'jdbcConnectionDetailsHikariBeanPostProcessor'
2026-06-29 01:11:31.171 DEBUG [main] o.s.b.f.s.DefaultListableBeanFactory - Creating shared instance of singleton bean 'org.springframework.aop.config.internalAutoProxyCreator'
2026-06-29 01:11:31.190 DEBUG [main] o.s.b.f.s.DefaultListableBeanFactory - Creating shared instance of singleton bean 'persistenceExceptionTranslationPostProcessor'
2026-06-29 01:11:31.209 DEBUG [main] o.s.b.f.s.DefaultListableBeanFactory - Autowiring by type from bean name 'persistenceExceptionTranslationPostProcessor' via factory method to bean named 'environment'
2026-06-29 01:11:31.213 DEBUG [main] o.s.b.f.s.DefaultListableBeanFactory - Creating shared instance of singleton bean 'webServerFactoryCustomizerBeanPostProcessor'
2026-06-29 01:11:31.215 DEBUG [main] o.s.b.f.s.DefaultListableBeanFactory - Creating shared instance of singleton bean 'errorPageRegistrarBeanPostProcessor'
2026-06-29 01:11:31.215 DEBUG [main] o.s.b.f.s.DefaultListableBeanFactory - Creating shared instance of singleton bean 'projectingArgumentResolverBeanPostProcessor'
2026-06-29 01:11:31.217 DEBUG [main] o.s.b.f.s.DefaultListableBeanFactory - Creating shared instance of singleton bean 'org.springframework.transaction.config.internalTransactionAdvisor'
2026-06-29 01:11:31.217 DEBUG [main] o.s.b.f.s.DefaultListableBeanFactory - Creating shared instance of singleton bean 'org.springframework.transaction.annotation.ProxyTransactionManagementConfiguration'
2026-06-29 01:11:31.229 DEBUG [main] o.s.b.f.s.DefaultListableBeanFactory - Creating shared instance of singleton bean 'transactionAttributeSource'
2026-06-29 01:11:31.231 DEBUG [main] o.s.b.f.s.DefaultListableBeanFactory - Creating shared instance of singleton bean 'transactionInterceptor'
2026-06-29 01:11:31.232 DEBUG [main] o.s.b.f.s.DefaultListableBeanFactory - Autowiring by type from bean name 'transactionInterceptor' via factory method to bean named 'transactionAttributeSource'
2026-06-29 01:11:31.237 DEBUG [main] o.s.b.f.s.DefaultListableBeanFactory - Autowiring by type from bean name 'org.springframework.transaction.config.internalTransactionAdvisor' via factory method to bean named 'transactionAttributeSource'
2026-06-29 01:11:31.237 DEBUG [main] o.s.b.f.s.DefaultListableBeanFactory - Autowiring by type from bean name 'org.springframework.transaction.config.internalTransactionAdvisor' via factory method to bean named 'transactionInterceptor'
2026-06-29 01:11:31.255 DEBUG [main] o.s.u.c.s.UiApplicationContextUtils - Unable to locate ThemeSource with name 'themeSource': using default [org.springframework.ui.context.support.ResourceBundleThemeSource@2e463f4]
2026-06-29 01:11:31.256 DEBUG [main] o.s.b.f.s.DefaultListableBeanFactory - Creating shared instance of singleton bean 'dataSourceScriptDatabaseInitializer'
2026-06-29 01:11:31.257 DEBUG [main] o.s.b.f.s.DefaultListableBeanFactory - Creating shared instance of singleton bean 'org.springframework.boot.autoconfigure.sql.init.DataSourceInitializationConfiguration'
2026-06-29 01:11:31.259 DEBUG [main] o.s.b.f.s.DefaultListableBeanFactory - Creating shared instance of singleton bean 'dataSource'
2026-06-29 01:11:31.259 DEBUG [main] o.s.b.f.s.DefaultListableBeanFactory - Creating shared instance of singleton bean 'org.springframework.boot.autoconfigure.jdbc.DataSourceConfiguration$Hikari'
2026-06-29 01:11:31.260 DEBUG [main] o.s.b.f.s.DefaultListableBeanFactory - Creating shared instance of singleton bean 'spring.datasource-org.springframework.boot.autoconfigure.jdbc.DataSourceProperties'
2026-06-29 01:11:31.262 DEBUG [main] o.s.b.f.s.DefaultListableBeanFactory - Creating shared instance of singleton bean 'org.springframework.boot.context.properties.BoundConfigurationProperties'
2026-06-29 01:11:31.304 DEBUG [main] o.s.b.f.s.DefaultListableBeanFactory - Creating shared instance of singleton bean 'jdbcConnectionDetails'
2026-06-29 01:11:31.305 DEBUG [main] o.s.b.f.s.DefaultListableBeanFactory - Creating shared instance of singleton bean 'org.springframework.boot.autoconfigure.jdbc.DataSourceAutoConfiguration$PooledDataSourceConfiguration'
2026-06-29 01:11:31.306 DEBUG [main] o.s.b.f.s.DefaultListableBeanFactory - Autowiring by type from bean name 'jdbcConnectionDetails' via factory method to bean named 'spring.datasource-org.springframework.boot.autoconfigure.jdbc.DataSourceProperties'
2026-06-29 01:11:31.307 DEBUG [main] o.s.b.f.s.DefaultListableBeanFactory - Autowiring by type from bean name 'dataSource' via factory method to bean named 'spring.datasource-org.springframework.boot.autoconfigure.jdbc.DataSourceProperties'
2026-06-29 01:11:31.308 DEBUG [main] o.s.b.f.s.DefaultListableBeanFactory - Autowiring by type from bean name 'dataSource' via factory method to bean named 'jdbcConnectionDetails'
2026-06-29 01:11:31.311 DEBUG [main] com.zaxxer.hikari.HikariConfig - Driver class org.postgresql.Driver found in Thread context class loader jdk.internal.loader.ClassLoaders$AppClassLoader@639fee48
2026-06-29 01:11:31.356 DEBUG [main] o.s.b.f.s.DefaultListableBeanFactory - Creating shared instance of singleton bean 'spring.sql.init-org.springframework.boot.autoconfigure.sql.init.SqlInitializationProperties'
2026-06-29 01:11:31.362 DEBUG [main] o.s.b.f.s.DefaultListableBeanFactory - Autowiring by type from bean name 'dataSourceScriptDatabaseInitializer' via factory method to bean named 'dataSource'
2026-06-29 01:11:31.362 DEBUG [main] o.s.b.f.s.DefaultListableBeanFactory - Autowiring by type from bean name 'dataSourceScriptDatabaseInitializer' via factory method to bean named 'spring.sql.init-org.springframework.boot.autoconfigure.sql.init.SqlInitializationProperties'
2026-06-29 01:11:31.367 DEBUG [main] o.s.b.f.s.DefaultListableBeanFactory - Creating shared instance of singleton bean 'entityManagerFactory'
2026-06-29 01:11:31.367 DEBUG [main] o.s.b.f.s.DefaultListableBeanFactory - Creating shared instance of singleton bean 'org.springframework.boot.autoconfigure.orm.jpa.HibernateJpaConfiguration'
2026-06-29 01:11:31.369 DEBUG [main] o.s.b.f.s.DefaultListableBeanFactory - Creating shared instance of singleton bean 'spring.jpa-org.springframework.boot.autoconfigure.orm.jpa.JpaProperties'
2026-06-29 01:11:31.377 DEBUG [main] o.s.b.f.s.DefaultListableBeanFactory - Creating shared instance of singleton bean 'spring.jpa.hibernate-org.springframework.boot.autoconfigure.orm.jpa.HibernateProperties'
2026-06-29 01:11:31.380 DEBUG [main] o.s.b.f.s.DefaultListableBeanFactory - Autowiring by type from bean name 'org.springframework.boot.autoconfigure.orm.jpa.HibernateJpaConfiguration' via constructor to bean named 'dataSource'
2026-06-29 01:11:31.380 DEBUG [main] o.s.b.f.s.DefaultListableBeanFactory - Autowiring by type from bean name 'org.springframework.boot.autoconfigure.orm.jpa.HibernateJpaConfiguration' via constructor to bean named 'spring.jpa-org.springframework.boot.autoconfigure.orm.jpa.JpaProperties'
2026-06-29 01:11:31.380 DEBUG [main] o.s.b.f.s.DefaultListableBeanFactory - Autowiring by type from bean name 'org.springframework.boot.autoconfigure.orm.jpa.HibernateJpaConfiguration' via constructor to bean named 'org.springframework.beans.factory.support.DefaultListableBeanFactory@8dfe921'
2026-06-29 01:11:31.380 DEBUG [main] o.s.b.f.s.DefaultListableBeanFactory - Autowiring by type from bean name 'org.springframework.boot.autoconfigure.orm.jpa.HibernateJpaConfiguration' via constructor to bean named 'spring.jpa.hibernate-org.springframework.boot.autoconfigure.orm.jpa.HibernateProperties'
2026-06-29 01:11:31.386 DEBUG [main] o.s.b.f.s.DefaultListableBeanFactory - Creating shared instance of singleton bean 'hikariPoolDataSourceMetadataProvider'
2026-06-29 01:11:31.386 DEBUG [main] o.s.b.f.s.DefaultListableBeanFactory - Creating shared instance of singleton bean 'org.springframework.boot.autoconfigure.jdbc.metadata.DataSourcePoolMetadataProvidersConfiguration$HikariPoolDataSourceMetadataProviderConfiguration'
2026-06-29 01:11:31.392 DEBUG [main] o.s.b.f.s.DefaultListableBeanFactory - Creating shared instance of singleton bean 'entityManagerFactoryBuilder'
2026-06-29 01:11:31.393 DEBUG [main] o.s.b.f.s.DefaultListableBeanFactory - Creating shared instance of singleton bean 'jpaVendorAdapter'
2026-06-29 01:11:31.405 DEBUG [main] org.jboss.logging - Logging Provider: org.jboss.logging.Slf4jLoggerProvider found via system property
2026-06-29 01:11:31.408 DEBUG [main] o.s.b.f.s.DefaultListableBeanFactory - Autowiring by type from bean name 'entityManagerFactoryBuilder' via factory method to bean named 'jpaVendorAdapter'
2026-06-29 01:11:31.413 DEBUG [main] o.s.b.f.s.DefaultListableBeanFactory - Creating shared instance of singleton bean 'persistenceManagedTypes'
2026-06-29 01:11:31.414 DEBUG [main] o.s.b.f.s.DefaultListableBeanFactory - Autowiring by type from bean name 'persistenceManagedTypes' via factory method to bean named 'org.springframework.beans.factory.support.DefaultListableBeanFactory@8dfe921'
2026-06-29 01:11:31.414 DEBUG [main] o.s.b.f.s.DefaultListableBeanFactory - Autowiring by type from bean name 'persistenceManagedTypes' via factory method to bean named 'org.springframework.web.context.support.GenericWebApplicationContext@7fe083b1'
2026-06-29 01:11:31.427 DEBUG [main] o.s.b.f.s.DefaultListableBeanFactory - Autowiring by type from bean name 'entityManagerFactory' via factory method to bean named 'entityManagerFactoryBuilder'
2026-06-29 01:11:31.427 DEBUG [main] o.s.b.f.s.DefaultListableBeanFactory - Autowiring by type from bean name 'entityManagerFactory' via factory method to bean named 'persistenceManagedTypes'
2026-06-29 01:11:31.443 DEBUG [main] o.s.o.j.LocalContainerEntityManagerFactoryBean - Building JPA container EntityManagerFactory for persistence unit 'default'
2026-06-29 01:11:31.459 DEBUG [main] o.h.jpa.internal.util.LogHelper - PersistenceUnitInfo [
	name: default
	persistence provider classname: null
	classloader: jdk.internal.loader.ClassLoaders$AppClassLoader@639fee48
	excludeUnlistedClasses: true
	JTA datasource: null
	Non JTA datasource: HikariDataSource (null)
	Transaction type: RESOURCE_LOCAL
	PU root URL: file:/home/gaelle/Documents/L2/S4/Projet%20Baovola/MiniSoutenance/Baovola3/target/test-classes/
	Shared Cache Mode: UNSPECIFIED
	Validation Mode: AUTO
	Jar files URLs []
	Managed classes names [
		com.ecole.entity.Etudiant.Absence
		com.ecole.entity.Etudiant.AffectationEnseignement
		com.ecole.entity.Etudiant.AnneeScolaire
		com.ecole.entity.Etudiant.Classe
		com.ecole.entity.Etudiant.Coefficient
		com.ecole.entity.Etudiant.Devoir
		com.ecole.entity.Etudiant.EmploiDuTemps
		com.ecole.entity.Etudiant.Etablissement
		com.ecole.entity.Etudiant.HoraireEdt
		com.ecole.entity.Etudiant.Inscription
		com.ecole.entity.Etudiant.Lecon
		com.ecole.entity.Etudiant.Matiere
		com.ecole.entity.Etudiant.Moyenne
		com.ecole.entity.Etudiant.Niveau
		com.ecole.entity.Etudiant.Note
		com.ecole.entity.Etudiant.Periode
		com.ecole.entity.Etudiant.ProfilEtudiant
		com.ecole.entity.Etudiant.ProfilProfesseur
		com.ecole.entity.Etudiant.Role
		com.ecole.entity.Etudiant.Salle
		com.ecole.entity.Etudiant.Seance
		com.ecole.entity.Etudiant.User
		com.ecole.entity.Etudiant.UserRole]
	Mapping files names []
	Properties []
2026-06-29 01:11:31.469 DEBUG [main] o.h.i.internal.IntegratorServiceImpl - Adding Integrator [org.hibernate.boot.beanvalidation.BeanValidationIntegrator].
2026-06-29 01:11:31.470 DEBUG [main] o.h.i.internal.IntegratorServiceImpl - Adding Integrator [org.hibernate.cache.internal.CollectionCacheInvalidator].
2026-06-29 01:11:31.506 INFO  [main] org.hibernate.Version - HHH000412: Hibernate ORM core version 6.5.2.Final
2026-06-29 01:11:31.508 DEBUG [main] org.hibernate.cfg.Environment - HHH000206: 'hibernate.properties' not found
2026-06-29 01:11:31.530 DEBUG [main] org.hibernate.orm.idgen.factory - Registering IdentifierGenerator strategy [uuid2] -> [org.hibernate.id.UUIDGenerator]
2026-06-29 01:11:31.530 DEBUG [main] org.hibernate.orm.idgen.factory - Registering IdentifierGenerator strategy [guid] -> [org.hibernate.id.GUIDGenerator]
2026-06-29 01:11:31.531 DEBUG [main] org.hibernate.orm.idgen.factory - Registering IdentifierGenerator strategy [uuid] -> [org.hibernate.id.UUIDHexGenerator]
2026-06-29 01:11:31.531 DEBUG [main] org.hibernate.orm.idgen.factory - Registering IdentifierGenerator strategy [uuid.hex] -> [org.hibernate.id.UUIDHexGenerator]
2026-06-29 01:11:31.532 DEBUG [main] org.hibernate.orm.idgen.factory - Registering IdentifierGenerator strategy [assigned] -> [org.hibernate.id.Assigned]
2026-06-29 01:11:31.533 DEBUG [main] org.hibernate.orm.idgen.factory - Registering IdentifierGenerator strategy [identity] -> [org.hibernate.id.IdentityGenerator]
2026-06-29 01:11:31.534 DEBUG [main] org.hibernate.orm.idgen.factory - Registering IdentifierGenerator strategy [select] -> [org.hibernate.id.SelectGenerator]
2026-06-29 01:11:31.535 DEBUG [main] org.hibernate.orm.idgen.factory - Registering IdentifierGenerator strategy [sequence] -> [org.hibernate.id.enhanced.SequenceStyleGenerator]
2026-06-29 01:11:31.535 DEBUG [main] org.hibernate.orm.idgen.factory - Registering IdentifierGenerator strategy [increment] -> [org.hibernate.id.IncrementGenerator]
2026-06-29 01:11:31.536 DEBUG [main] org.hibernate.orm.idgen.factory - Registering IdentifierGenerator strategy [foreign] -> [org.hibernate.id.ForeignGenerator]
2026-06-29 01:11:31.536 DEBUG [main] org.hibernate.orm.idgen.factory - Registering IdentifierGenerator strategy [enhanced-sequence] -> [org.hibernate.id.enhanced.SequenceStyleGenerator]
2026-06-29 01:11:31.537 DEBUG [main] org.hibernate.orm.idgen.factory - Registering IdentifierGenerator strategy [enhanced-table] -> [org.hibernate.id.enhanced.TableGenerator]
2026-06-29 01:11:31.543 DEBUG [main] o.h.c.i.RegionFactoryInitiator - Cannot default RegionFactory based on registered strategies as `[]` RegionFactory strategies were registered
2026-06-29 01:11:31.544 INFO  [main] o.h.c.i.RegionFactoryInitiator - HHH000026: Second-level cache disabled
2026-06-29 01:11:31.611 DEBUG [main] o.hibernate.type.BasicTypeRegistry - Adding type registration boolean -> org.hibernate.type.BasicTypeReference@7c7e73c5
2026-06-29 01:11:31.612 DEBUG [main] o.hibernate.type.BasicTypeRegistry - Adding type registration boolean -> org.hibernate.type.BasicTypeReference@7c7e73c5
2026-06-29 01:11:31.612 DEBUG [main] o.hibernate.type.BasicTypeRegistry - Adding type registration java.lang.Boolean -> org.hibernate.type.BasicTypeReference@7c7e73c5
2026-06-29 01:11:31.612 DEBUG [main] o.hibernate.type.BasicTypeRegistry - Adding type registration numeric_boolean -> org.hibernate.type.BasicTypeReference@13cc0b90
2026-06-29 01:11:31.612 DEBUG [main] o.hibernate.type.BasicTypeRegistry - Adding type registration org.hibernate.type.NumericBooleanConverter -> org.hibernate.type.BasicTypeReference@13cc0b90
2026-06-29 01:11:31.612 DEBUG [main] o.hibernate.type.BasicTypeRegistry - Adding type registration true_false -> org.hibernate.type.BasicTypeReference@58687fb7
2026-06-29 01:11:31.612 DEBUG [main] o.hibernate.type.BasicTypeRegistry - Adding type registration org.hibernate.type.TrueFalseConverter -> org.hibernate.type.BasicTypeReference@58687fb7
2026-06-29 01:11:31.612 DEBUG [main] o.hibernate.type.BasicTypeRegistry - Adding type registration yes_no -> org.hibernate.type.BasicTypeReference@3554bdc0
2026-06-29 01:11:31.613 DEBUG [main] o.hibernate.type.BasicTypeRegistry - Adding type registration org.hibernate.type.YesNoConverter -> org.hibernate.type.BasicTypeReference@3554bdc0
2026-06-29 01:11:31.613 DEBUG [main] o.hibernate.type.BasicTypeRegistry - Adding type registration byte -> org.hibernate.type.BasicTypeReference@3a3b10f4
2026-06-29 01:11:31.613 DEBUG [main] o.hibernate.type.BasicTypeRegistry - Adding type registration byte -> org.hibernate.type.BasicTypeReference@3a3b10f4
2026-06-29 01:11:31.613 DEBUG [main] o.hibernate.type.BasicTypeRegistry - Adding type registration java.lang.Byte -> org.hibernate.type.BasicTypeReference@3a3b10f4
2026-06-29 01:11:31.613 DEBUG [main] o.hibernate.type.BasicTypeRegistry - Adding type registration binary -> org.hibernate.type.BasicTypeReference@49580ca8
2026-06-29 01:11:31.613 DEBUG [main] o.hibernate.type.BasicTypeRegistry - Adding type registration byte[] -> org.hibernate.type.BasicTypeReference@49580ca8
2026-06-29 01:11:31.614 DEBUG [main] o.hibernate.type.BasicTypeRegistry - Adding type registration [B -> org.hibernate.type.BasicTypeReference@49580ca8
2026-06-29 01:11:31.614 DEBUG [main] o.hibernate.type.BasicTypeRegistry - Adding type registration binary_wrapper -> org.hibernate.type.BasicTypeReference@525647f3
2026-06-29 01:11:31.614 DEBUG [main] o.hibernate.type.BasicTypeRegistry - Adding type registration wrapper-binary -> org.hibernate.type.BasicTypeReference@525647f3
2026-06-29 01:11:31.614 DEBUG [main] o.hibernate.type.BasicTypeRegistry - Adding type registration image -> org.hibernate.type.BasicTypeReference@42fc4ac4
2026-06-29 01:11:31.614 DEBUG [main] o.hibernate.type.BasicTypeRegistry - Adding type registration blob -> org.hibernate.type.BasicTypeReference@20a24edf
2026-06-29 01:11:31.614 DEBUG [main] o.hibernate.type.BasicTypeRegistry - Adding type registration java.sql.Blob -> org.hibernate.type.BasicTypeReference@20a24edf
2026-06-29 01:11:31.614 DEBUG [main] o.hibernate.type.BasicTypeRegistry - Adding type registration materialized_blob -> org.hibernate.type.BasicTypeReference@29962b2f
2026-06-29 01:11:31.614 DEBUG [main] o.hibernate.type.BasicTypeRegistry - Adding type registration materialized_blob_wrapper -> org.hibernate.type.BasicTypeReference@491f8831
2026-06-29 01:11:31.614 DEBUG [main] o.hibernate.type.BasicTypeRegistry - Adding type registration short -> org.hibernate.type.BasicTypeReference@691541bc
2026-06-29 01:11:31.614 DEBUG [main] o.hibernate.type.BasicTypeRegistry - Adding type registration short -> org.hibernate.type.BasicTypeReference@691541bc
2026-06-29 01:11:31.614 DEBUG [main] o.hibernate.type.BasicTypeRegistry - Adding type registration java.lang.Short -> org.hibernate.type.BasicTypeReference@691541bc
2026-06-29 01:11:31.615 DEBUG [main] o.hibernate.type.BasicTypeRegistry - Adding type registration integer -> org.hibernate.type.BasicTypeReference@5b733ef7
2026-06-29 01:11:31.615 DEBUG [main] o.hibernate.type.BasicTypeRegistry - Adding type registration int -> org.hibernate.type.BasicTypeReference@5b733ef7
2026-06-29 01:11:31.615 DEBUG [main] o.hibernate.type.BasicTypeRegistry - Adding type registration java.lang.Integer -> org.hibernate.type.BasicTypeReference@5b733ef7
2026-06-29 01:11:31.615 DEBUG [main] o.hibernate.type.BasicTypeRegistry - Adding type registration long -> org.hibernate.type.BasicTypeReference@43a4a9e5
2026-06-29 01:11:31.615 DEBUG [main] o.hibernate.type.BasicTypeRegistry - Adding type registration long -> org.hibernate.type.BasicTypeReference@43a4a9e5
2026-06-29 01:11:31.615 DEBUG [main] o.hibernate.type.BasicTypeRegistry - Adding type registration java.lang.Long -> org.hibernate.type.BasicTypeReference@43a4a9e5
2026-06-29 01:11:31.615 DEBUG [main] o.hibernate.type.BasicTypeRegistry - Adding type registration float -> org.hibernate.type.BasicTypeReference@764fffa0
2026-06-29 01:11:31.615 DEBUG [main] o.hibernate.type.BasicTypeRegistry - Adding type registration float -> org.hibernate.type.BasicTypeReference@764fffa0
2026-06-29 01:11:31.615 DEBUG [main] o.hibernate.type.BasicTypeRegistry - Adding type registration java.lang.Float -> org.hibernate.type.BasicTypeReference@764fffa0
2026-06-29 01:11:31.615 DEBUG [main] o.hibernate.type.BasicTypeRegistry - Adding type registration double -> org.hibernate.type.BasicTypeReference@35145874
2026-06-29 01:11:31.616 DEBUG [main] o.hibernate.type.BasicTypeRegistry - Adding type registration double -> org.hibernate.type.BasicTypeReference@35145874
2026-06-29 01:11:31.616 DEBUG [main] o.hibernate.type.BasicTypeRegistry - Adding type registration java.lang.Double -> org.hibernate.type.BasicTypeReference@35145874
2026-06-29 01:11:31.616 DEBUG [main] o.hibernate.type.BasicTypeRegistry - Adding type registration big_integer -> org.hibernate.type.BasicTypeReference@77524ca7
2026-06-29 01:11:31.616 DEBUG [main] o.hibernate.type.BasicTypeRegistry - Adding type registration java.math.BigInteger -> org.hibernate.type.BasicTypeReference@77524ca7
2026-06-29 01:11:31.616 DEBUG [main] o.hibernate.type.BasicTypeRegistry - Adding type registration big_decimal -> org.hibernate.type.BasicTypeReference@11df2829
2026-06-29 01:11:31.616 DEBUG [main] o.hibernate.type.BasicTypeRegistry - Adding type registration java.math.BigDecimal -> org.hibernate.type.BasicTypeReference@11df2829
2026-06-29 01:11:31.616 DEBUG [main] o.hibernate.type.BasicTypeRegistry - Adding type registration character -> org.hibernate.type.BasicTypeReference@18e4674d
2026-06-29 01:11:31.616 DEBUG [main] o.hibernate.type.BasicTypeRegistry - Adding type registration char -> org.hibernate.type.BasicTypeReference@18e4674d
2026-06-29 01:11:31.616 DEBUG [main] o.hibernate.type.BasicTypeRegistry - Adding type registration java.lang.Character -> org.hibernate.type.BasicTypeReference@18e4674d
2026-06-29 01:11:31.616 DEBUG [main] o.hibernate.type.BasicTypeRegistry - Adding type registration character_nchar -> org.hibernate.type.BasicTypeReference@f245bdd
2026-06-29 01:11:31.616 DEBUG [main] o.hibernate.type.BasicTypeRegistry - Adding type registration string -> org.hibernate.type.BasicTypeReference@6af609ea
2026-06-29 01:11:31.616 DEBUG [main] o.hibernate.type.BasicTypeRegistry - Adding type registration java.lang.String -> org.hibernate.type.BasicTypeReference@6af609ea
2026-06-29 01:11:31.617 DEBUG [main] o.hibernate.type.BasicTypeRegistry - Adding type registration nstring -> org.hibernate.type.BasicTypeReference@280fafd
2026-06-29 01:11:31.617 DEBUG [main] o.hibernate.type.BasicTypeRegistry - Adding type registration characters -> org.hibernate.type.BasicTypeReference@39e53bef
2026-06-29 01:11:31.617 DEBUG [main] o.hibernate.type.BasicTypeRegistry - Adding type registration char[] -> org.hibernate.type.BasicTypeReference@39e53bef
2026-06-29 01:11:31.617 DEBUG [main] o.hibernate.type.BasicTypeRegistry - Adding type registration [C -> org.hibernate.type.BasicTypeReference@39e53bef
2026-06-29 01:11:31.617 DEBUG [main] o.hibernate.type.BasicTypeRegistry - Adding type registration wrapper-characters -> org.hibernate.type.BasicTypeReference@14b275bd
2026-06-29 01:11:31.617 DEBUG [main] o.hibernate.type.BasicTypeRegistry - Adding type registration text -> org.hibernate.type.BasicTypeReference@4ed18798
2026-06-29 01:11:31.617 DEBUG [main] o.hibernate.type.BasicTypeRegistry - Adding type registration ntext -> org.hibernate.type.BasicTypeReference@4b03cbad
2026-06-29 01:11:31.617 DEBUG [main] o.hibernate.type.BasicTypeRegistry - Adding type registration clob -> org.hibernate.type.BasicTypeReference@5b29ab61
2026-06-29 01:11:31.617 DEBUG [main] o.hibernate.type.BasicTypeRegistry - Adding type registration java.sql.Clob -> org.hibernate.type.BasicTypeReference@5b29ab61
2026-06-29 01:11:31.617 DEBUG [main] o.hibernate.type.BasicTypeRegistry - Adding type registration nclob -> org.hibernate.type.BasicTypeReference@5c313224
2026-06-29 01:11:31.617 DEBUG [main] o.hibernate.type.BasicTypeRegistry - Adding type registration java.sql.NClob -> org.hibernate.type.BasicTypeReference@5c313224
2026-06-29 01:11:31.618 DEBUG [main] o.hibernate.type.BasicTypeRegistry - Adding type registration materialized_clob -> org.hibernate.type.BasicTypeReference@1e1e837d
2026-06-29 01:11:31.618 DEBUG [main] o.hibernate.type.BasicTypeRegistry - Adding type registration materialized_clob_char_array -> org.hibernate.type.BasicTypeReference@4b957db0
2026-06-29 01:11:31.618 DEBUG [main] o.hibernate.type.BasicTypeRegistry - Adding type registration materialized_clob_character_array -> org.hibernate.type.BasicTypeReference@5d71b500
2026-06-29 01:11:31.618 DEBUG [main] o.hibernate.type.BasicTypeRegistry - Adding type registration materialized_nclob -> org.hibernate.type.BasicTypeReference@8840c98
2026-06-29 01:11:31.618 DEBUG [main] o.hibernate.type.BasicTypeRegistry - Adding type registration materialized_nclob_character_array -> org.hibernate.type.BasicTypeReference@626b639e
2026-06-29 01:11:31.618 DEBUG [main] o.hibernate.type.BasicTypeRegistry - Adding type registration materialized_nclob_char_array -> org.hibernate.type.BasicTypeReference@273fa9e
2026-06-29 01:11:31.618 DEBUG [main] o.hibernate.type.BasicTypeRegistry - Adding type registration Duration -> org.hibernate.type.BasicTypeReference@527a8665
2026-06-29 01:11:31.618 DEBUG [main] o.hibernate.type.BasicTypeRegistry - Adding type registration java.time.Duration -> org.hibernate.type.BasicTypeReference@527a8665
2026-06-29 01:11:31.618 DEBUG [main] o.hibernate.type.BasicTypeRegistry - Adding type registration LocalDateTime -> org.hibernate.type.BasicTypeReference@7ab2a07e
2026-06-29 01:11:31.618 DEBUG [main] o.hibernate.type.BasicTypeRegistry - Adding type registration java.time.LocalDateTime -> org.hibernate.type.BasicTypeReference@7ab2a07e
2026-06-29 01:11:31.618 DEBUG [main] o.hibernate.type.BasicTypeRegistry - Adding type registration LocalDate -> org.hibernate.type.BasicTypeReference@437c4b25
2026-06-29 01:11:31.619 DEBUG [main] o.hibernate.type.BasicTypeRegistry - Adding type registration java.time.LocalDate -> org.hibernate.type.BasicTypeReference@437c4b25
2026-06-29 01:11:31.619 DEBUG [main] o.hibernate.type.BasicTypeRegistry - Adding type registration LocalTime -> org.hibernate.type.BasicTypeReference@5ec6fede
2026-06-29 01:11:31.619 DEBUG [main] o.hibernate.type.BasicTypeRegistry - Adding type registration java.time.LocalTime -> org.hibernate.type.BasicTypeReference@5ec6fede
2026-06-29 01:11:31.619 DEBUG [main] o.hibernate.type.BasicTypeRegistry - Adding type registration OffsetDateTime -> org.hibernate.type.BasicTypeReference@580902cd
2026-06-29 01:11:31.619 DEBUG [main] o.hibernate.type.BasicTypeRegistry - Adding type registration java.time.OffsetDateTime -> org.hibernate.type.BasicTypeReference@580902cd
2026-06-29 01:11:31.619 DEBUG [main] o.hibernate.type.BasicTypeRegistry - Adding type registration OffsetDateTimeWithTimezone -> org.hibernate.type.BasicTypeReference@3757e8e2
2026-06-29 01:11:31.619 DEBUG [main] o.hibernate.type.BasicTypeRegistry - Adding type registration OffsetDateTimeWithoutTimezone -> org.hibernate.type.BasicTypeReference@1653b84e
2026-06-29 01:11:31.620 DEBUG [main] o.hibernate.type.BasicTypeRegistry - Adding type registration OffsetTime -> org.hibernate.type.BasicTypeReference@7f8a9454
2026-06-29 01:11:31.620 DEBUG [main] o.hibernate.type.BasicTypeRegistry - Adding type registration java.time.OffsetTime -> org.hibernate.type.BasicTypeReference@7f8a9454
2026-06-29 01:11:31.620 DEBUG [main] o.hibernate.type.BasicTypeRegistry - Adding type registration OffsetTimeUtc -> org.hibernate.type.BasicTypeReference@6f85ee02
2026-06-29 01:11:31.620 DEBUG [main] o.hibernate.type.BasicTypeRegistry - Adding type registration OffsetTimeWithTimezone -> org.hibernate.type.BasicTypeReference@679d0be8
2026-06-29 01:11:31.620 DEBUG [main] o.hibernate.type.BasicTypeRegistry - Adding type registration OffsetTimeWithoutTimezone -> org.hibernate.type.BasicTypeReference@6c075e9d
2026-06-29 01:11:31.620 DEBUG [main] o.hibernate.type.BasicTypeRegistry - Adding type registration ZonedDateTime -> org.hibernate.type.BasicTypeReference@47044f7d
2026-06-29 01:11:31.620 DEBUG [main] o.hibernate.type.BasicTypeRegistry - Adding type registration java.time.ZonedDateTime -> org.hibernate.type.BasicTypeReference@47044f7d
2026-06-29 01:11:31.620 DEBUG [main] o.hibernate.type.BasicTypeRegistry - Adding type registration ZonedDateTimeWithTimezone -> org.hibernate.type.BasicTypeReference@7b14c61
2026-06-29 01:11:31.620 DEBUG [main] o.hibernate.type.BasicTypeRegistry - Adding type registration ZonedDateTimeWithoutTimezone -> org.hibernate.type.BasicTypeReference@8fcc534
2026-06-29 01:11:31.620 DEBUG [main] o.hibernate.type.BasicTypeRegistry - Adding type registration date -> org.hibernate.type.BasicTypeReference@5e599100
2026-06-29 01:11:31.621 DEBUG [main] o.hibernate.type.BasicTypeRegistry - Adding type registration java.sql.Date -> org.hibernate.type.BasicTypeReference@5e599100
2026-06-29 01:11:31.621 DEBUG [main] o.hibernate.type.BasicTypeRegistry - Adding type registration time -> org.hibernate.type.BasicTypeReference@3b435211
2026-06-29 01:11:31.621 DEBUG [main] o.hibernate.type.BasicTypeRegistry - Adding type registration java.sql.Time -> org.hibernate.type.BasicTypeReference@3b435211
2026-06-29 01:11:31.621 DEBUG [main] o.hibernate.type.BasicTypeRegistry - Adding type registration timestamp -> org.hibernate.type.BasicTypeReference@361cd35c
2026-06-29 01:11:31.621 DEBUG [main] o.hibernate.type.BasicTypeRegistry - Adding type registration java.sql.Timestamp -> org.hibernate.type.BasicTypeReference@361cd35c
2026-06-29 01:11:31.621 DEBUG [main] o.hibernate.type.BasicTypeRegistry - Adding type registration java.util.Date -> org.hibernate.type.BasicTypeReference@361cd35c
2026-06-29 01:11:31.621 DEBUG [main] o.hibernate.type.BasicTypeRegistry - Adding type registration calendar -> org.hibernate.type.BasicTypeReference@58a765ce
2026-06-29 01:11:31.621 DEBUG [main] o.hibernate.type.BasicTypeRegistry - Adding type registration java.util.Calendar -> org.hibernate.type.BasicTypeReference@58a765ce
2026-06-29 01:11:31.622 DEBUG [main] o.hibernate.type.BasicTypeRegistry - Adding type registration java.util.GregorianCalendar -> org.hibernate.type.BasicTypeReference@58a765ce
2026-06-29 01:11:31.622 DEBUG [main] o.hibernate.type.BasicTypeRegistry - Adding type registration calendar_date -> org.hibernate.type.BasicTypeReference@4a642e4b
2026-06-29 01:11:31.622 DEBUG [main] o.hibernate.type.BasicTypeRegistry - Adding type registration calendar_time -> org.hibernate.type.BasicTypeReference@6b162ecc
2026-06-29 01:11:31.622 DEBUG [main] o.hibernate.type.BasicTypeRegistry - Adding type registration instant -> org.hibernate.type.BasicTypeReference@3b4086c1
2026-06-29 01:11:31.622 DEBUG [main] o.hibernate.type.BasicTypeRegistry - Adding type registration java.time.Instant -> org.hibernate.type.BasicTypeReference@3b4086c1
2026-06-29 01:11:31.622 DEBUG [main] o.hibernate.type.BasicTypeRegistry - Adding type registration uuid -> org.hibernate.type.BasicTypeReference@58aa1d72
2026-06-29 01:11:31.622 DEBUG [main] o.hibernate.type.BasicTypeRegistry - Adding type registration java.util.UUID -> org.hibernate.type.BasicTypeReference@58aa1d72
2026-06-29 01:11:31.622 DEBUG [main] o.hibernate.type.BasicTypeRegistry - Adding type registration pg-uuid -> org.hibernate.type.BasicTypeReference@58aa1d72
2026-06-29 01:11:31.622 DEBUG [main] o.hibernate.type.BasicTypeRegistry - Adding type registration uuid-binary -> org.hibernate.type.BasicTypeReference@33d7765a
2026-06-29 01:11:31.622 DEBUG [main] o.hibernate.type.BasicTypeRegistry - Adding type registration uuid-char -> org.hibernate.type.BasicTypeReference@69ed5ea2
2026-06-29 01:11:31.622 DEBUG [main] o.hibernate.type.BasicTypeRegistry - Adding type registration class -> org.hibernate.type.BasicTypeReference@56a4abd0
2026-06-29 01:11:31.622 DEBUG [main] o.hibernate.type.BasicTypeRegistry - Adding type registration java.lang.Class -> org.hibernate.type.BasicTypeReference@56a4abd0
2026-06-29 01:11:31.622 DEBUG [main] o.hibernate.type.BasicTypeRegistry - Adding type registration currency -> org.hibernate.type.BasicTypeReference@5eed6dfb
2026-06-29 01:11:31.623 DEBUG [main] o.hibernate.type.BasicTypeRegistry - Adding type registration Currency -> org.hibernate.type.BasicTypeReference@5eed6dfb
2026-06-29 01:11:31.623 DEBUG [main] o.hibernate.type.BasicTypeRegistry - Adding type registration java.util.Currency -> org.hibernate.type.BasicTypeReference@5eed6dfb
2026-06-29 01:11:31.623 DEBUG [main] o.hibernate.type.BasicTypeRegistry - Adding type registration locale -> org.hibernate.type.BasicTypeReference@551be9f6
2026-06-29 01:11:31.624 DEBUG [main] o.hibernate.type.BasicTypeRegistry - Adding type registration java.util.Locale -> org.hibernate.type.BasicTypeReference@551be9f6
2026-06-29 01:11:31.624 DEBUG [main] o.hibernate.type.BasicTypeRegistry - Adding type registration serializable -> org.hibernate.type.BasicTypeReference@269222ae
2026-06-29 01:11:31.624 DEBUG [main] o.hibernate.type.BasicTypeRegistry - Adding type registration java.io.Serializable -> org.hibernate.type.BasicTypeReference@269222ae
2026-06-29 01:11:31.624 DEBUG [main] o.hibernate.type.BasicTypeRegistry - Adding type registration timezone -> org.hibernate.type.BasicTypeReference@13250132
2026-06-29 01:11:31.624 DEBUG [main] o.hibernate.type.BasicTypeRegistry - Adding type registration java.util.TimeZone -> org.hibernate.type.BasicTypeReference@13250132
2026-06-29 01:11:31.624 DEBUG [main] o.hibernate.type.BasicTypeRegistry - Adding type registration ZoneOffset -> org.hibernate.type.BasicTypeReference@40d848f9
2026-06-29 01:11:31.624 DEBUG [main] o.hibernate.type.BasicTypeRegistry - Adding type registration java.time.ZoneOffset -> org.hibernate.type.BasicTypeReference@40d848f9
2026-06-29 01:11:31.624 DEBUG [main] o.hibernate.type.BasicTypeRegistry - Adding type registration url -> org.hibernate.type.BasicTypeReference@4a864d4d
2026-06-29 01:11:31.624 DEBUG [main] o.hibernate.type.BasicTypeRegistry - Adding type registration java.net.URL -> org.hibernate.type.BasicTypeReference@4a864d4d
2026-06-29 01:11:31.625 DEBUG [main] o.hibernate.type.BasicTypeRegistry - Adding type registration vector -> org.hibernate.type.BasicTypeReference@7d3691e1
2026-06-29 01:11:31.625 DEBUG [main] o.hibernate.type.BasicTypeRegistry - Adding type registration row_version -> org.hibernate.type.BasicTypeReference@46a123e4
2026-06-29 01:11:31.630 DEBUG [main] o.hibernate.type.BasicTypeRegistry - Adding type registration object -> org.hibernate.type.JavaObjectType@8c43966
2026-06-29 01:11:31.631 DEBUG [main] o.hibernate.type.BasicTypeRegistry - Adding type registration java.lang.Object -> org.hibernate.type.JavaObjectType@8c43966
2026-06-29 01:11:31.632 DEBUG [main] o.hibernate.type.BasicTypeRegistry - Adding type registration null -> org.hibernate.type.NullType@1c98b4eb
2026-06-29 01:11:31.632 DEBUG [main] o.hibernate.type.BasicTypeRegistry - Adding type registration imm_date -> org.hibernate.type.BasicTypeReference@45801322
2026-06-29 01:11:31.632 DEBUG [main] o.hibernate.type.BasicTypeRegistry - Adding type registration imm_time -> org.hibernate.type.BasicTypeReference@756b2d90
2026-06-29 01:11:31.633 DEBUG [main] o.hibernate.type.BasicTypeRegistry - Adding type registration imm_timestamp -> org.hibernate.type.BasicTypeReference@3520958b
2026-06-29 01:11:31.633 DEBUG [main] o.hibernate.type.BasicTypeRegistry - Adding type registration imm_calendar -> org.hibernate.type.BasicTypeReference@6cc64028
2026-06-29 01:11:31.633 DEBUG [main] o.hibernate.type.BasicTypeRegistry - Adding type registration imm_calendar_date -> org.hibernate.type.BasicTypeReference@291a4791
2026-06-29 01:11:31.634 DEBUG [main] o.hibernate.type.BasicTypeRegistry - Adding type registration imm_calendar_time -> org.hibernate.type.BasicTypeReference@5b1e88f
2026-06-29 01:11:31.634 DEBUG [main] o.hibernate.type.BasicTypeRegistry - Adding type registration imm_binary -> org.hibernate.type.BasicTypeReference@340cb97f
2026-06-29 01:11:31.634 DEBUG [main] o.hibernate.type.BasicTypeRegistry - Adding type registration imm_serializable -> org.hibernate.type.BasicTypeReference@6a1568d6
2026-06-29 01:11:31.638 DEBUG [main] o.h.b.internal.BootstrapContextImpl - Injecting JPA temp ClassLoader [org.springframework.instrument.classloading.SimpleThrowawayClassLoader@3312f4f4] into BootstrapContext; was [null]
2026-06-29 01:11:31.639 DEBUG [main] o.h.b.internal.ClassLoaderAccessImpl - ClassLoaderAccessImpl#injectTempClassLoader(org.springframework.instrument.classloading.SimpleThrowawayClassLoader@3312f4f4) [was null]
2026-06-29 01:11:31.639 DEBUG [main] o.h.b.internal.BootstrapContextImpl - Injecting ScanEnvironment [org.hibernate.jpa.boot.internal.StandardJpaScanEnvironmentImpl@118041c7] into BootstrapContext; was [null]
2026-06-29 01:11:31.639 DEBUG [main] o.h.b.internal.BootstrapContextImpl - Injecting ScanOptions [org.hibernate.boot.archive.scan.internal.StandardScanOptions@a2b54e3] into BootstrapContext; was [org.hibernate.boot.archive.scan.internal.StandardScanOptions@5c4cc644]
2026-06-29 01:11:31.856 INFO  [main] o.s.o.j.p.SpringPersistenceUnitInfo - No LoadTimeWeaver setup: ignoring JPA class transformer
2026-06-29 01:11:31.857 DEBUG [main] o.h.b.internal.BootstrapContextImpl - Injecting JPA temp ClassLoader [null] into BootstrapContext; was [org.springframework.instrument.classloading.SimpleThrowawayClassLoader@3312f4f4]
2026-06-29 01:11:31.857 DEBUG [main] o.h.b.internal.ClassLoaderAccessImpl - ClassLoaderAccessImpl#injectTempClassLoader(null) [was org.springframework.instrument.classloading.SimpleThrowawayClassLoader@3312f4f4]
2026-06-29 01:11:31.883 DEBUG [main] com.zaxxer.hikari.HikariConfig - HikariPool-1 - configuration:
2026-06-29 01:11:31.889 DEBUG [main] com.zaxxer.hikari.HikariConfig - allowPoolSuspension.............false
2026-06-29 01:11:31.890 DEBUG [main] com.zaxxer.hikari.HikariConfig - autoCommit......................true
2026-06-29 01:11:31.890 DEBUG [main] com.zaxxer.hikari.HikariConfig - catalog.........................none
2026-06-29 01:11:31.890 DEBUG [main] com.zaxxer.hikari.HikariConfig - connectionInitSql...............none
2026-06-29 01:11:31.890 DEBUG [main] com.zaxxer.hikari.HikariConfig - connectionTestQuery.............none
2026-06-29 01:11:31.891 DEBUG [main] com.zaxxer.hikari.HikariConfig - connectionTimeout...............30000
2026-06-29 01:11:31.892 DEBUG [main] com.zaxxer.hikari.HikariConfig - dataSource......................none
2026-06-29 01:11:31.892 DEBUG [main] com.zaxxer.hikari.HikariConfig - dataSourceClassName.............none
2026-06-29 01:11:31.892 DEBUG [main] com.zaxxer.hikari.HikariConfig - dataSourceJNDI..................none
2026-06-29 01:11:31.892 DEBUG [main] com.zaxxer.hikari.HikariConfig - dataSourceProperties............{password=<masked>}
2026-06-29 01:11:31.893 DEBUG [main] com.zaxxer.hikari.HikariConfig - driverClassName................."org.postgresql.Driver"
2026-06-29 01:11:31.893 DEBUG [main] com.zaxxer.hikari.HikariConfig - exceptionOverrideClassName......none
2026-06-29 01:11:31.893 DEBUG [main] com.zaxxer.hikari.HikariConfig - healthCheckProperties...........{}
2026-06-29 01:11:31.893 DEBUG [main] com.zaxxer.hikari.HikariConfig - healthCheckRegistry.............none
2026-06-29 01:11:31.893 DEBUG [main] com.zaxxer.hikari.HikariConfig - idleTimeout.....................600000
2026-06-29 01:11:31.893 DEBUG [main] com.zaxxer.hikari.HikariConfig - initializationFailTimeout.......1
2026-06-29 01:11:31.893 DEBUG [main] com.zaxxer.hikari.HikariConfig - isolateInternalQueries..........false
2026-06-29 01:11:31.893 DEBUG [main] com.zaxxer.hikari.HikariConfig - jdbcUrl.........................jdbc:postgresql://localhost:5433/ecole
2026-06-29 01:11:31.894 DEBUG [main] com.zaxxer.hikari.HikariConfig - keepaliveTime...................0
2026-06-29 01:11:31.894 DEBUG [main] com.zaxxer.hikari.HikariConfig - leakDetectionThreshold..........0
2026-06-29 01:11:31.894 DEBUG [main] com.zaxxer.hikari.HikariConfig - maxLifetime.....................1800000
2026-06-29 01:11:31.894 DEBUG [main] com.zaxxer.hikari.HikariConfig - maximumPoolSize.................10
2026-06-29 01:11:31.894 DEBUG [main] com.zaxxer.hikari.HikariConfig - metricRegistry..................none
2026-06-29 01:11:31.894 DEBUG [main] com.zaxxer.hikari.HikariConfig - metricsTrackerFactory...........none
2026-06-29 01:11:31.895 DEBUG [main] com.zaxxer.hikari.HikariConfig - minimumIdle.....................10
2026-06-29 01:11:31.895 DEBUG [main] com.zaxxer.hikari.HikariConfig - password........................<masked>
2026-06-29 01:11:31.895 DEBUG [main] com.zaxxer.hikari.HikariConfig - poolName........................"HikariPool-1"
2026-06-29 01:11:31.895 DEBUG [main] com.zaxxer.hikari.HikariConfig - readOnly........................false
2026-06-29 01:11:31.895 DEBUG [main] com.zaxxer.hikari.HikariConfig - registerMbeans..................false
2026-06-29 01:11:31.895 DEBUG [main] com.zaxxer.hikari.HikariConfig - scheduledExecutor...............none
2026-06-29 01:11:31.895 DEBUG [main] com.zaxxer.hikari.HikariConfig - schema..........................none
2026-06-29 01:11:31.896 DEBUG [main] com.zaxxer.hikari.HikariConfig - threadFactory...................internal
2026-06-29 01:11:31.896 DEBUG [main] com.zaxxer.hikari.HikariConfig - transactionIsolation............default
2026-06-29 01:11:31.896 DEBUG [main] com.zaxxer.hikari.HikariConfig - username........................"postgres"
2026-06-29 01:11:31.896 DEBUG [main] com.zaxxer.hikari.HikariConfig - validationTimeout...............5000
2026-06-29 01:11:31.896 INFO  [main] com.zaxxer.hikari.HikariDataSource - HikariPool-1 - Starting...
2026-06-29 01:11:31.914 DEBUG [main] org.postgresql.Driver - Loading driver configuration via classloader jdk.internal.loader.ClassLoaders$AppClassLoader@639fee48
2026-06-29 01:11:31.915 DEBUG [main] org.postgresql.Driver - Connecting with URL: jdbc:postgresql://localhost:5433/ecole
2026-06-29 01:11:31.926 DEBUG [main] org.postgresql.jdbc.PgConnection - PostgreSQL JDBC Driver 42.7.3
2026-06-29 01:11:31.930 DEBUG [main] org.postgresql.jdbc.PgConnection -   setDefaultFetchSize = 0
2026-06-29 01:11:31.931 DEBUG [main] org.postgresql.jdbc.PgConnection -   setPrepareThreshold = 5
2026-06-29 01:11:31.938 DEBUG [main] o.p.core.v3.ConnectionFactoryImpl - Trying to establish a protocol version 3 connection to localhost:5433
2026-06-29 01:11:31.956 DEBUG [main] o.p.core.v3.ConnectionFactoryImpl - Receive Buffer Size is 65 536
2026-06-29 01:11:31.957 DEBUG [main] o.p.core.v3.ConnectionFactoryImpl - Send Buffer Size is 1 313 280
2026-06-29 01:11:31.958 DEBUG [main] org.postgresql.ssl.MakeSSL - converting regular socket connection to ssl
2026-06-29 01:11:32.155 DEBUG [main] jdk.event.security - X509Certificate: Alg:SHA256withRSA, Serial:10:ab:3a:ef:4e:94:aa:1e:73:4f:49:c3:0c:8e:89:06:eb:9e:91:26, Subject:CN=gaelle-zero, Issuer:CN=gaelle-zero, Key type:RSA, Length:2048, Cert Id:738753779, Valid from:22/04/2026 02:14, Valid until:19/04/2036 02:14
2026-06-29 01:11:32.168 DEBUG [main] jdk.event.security -  TLSHandshake: localhost:5433, TLSv1.3, TLS_AES_256_GCM_SHA384, 738753779
2026-06-29 01:11:32.293 INFO  [main] com.zaxxer.hikari.pool.HikariPool - HikariPool-1 - Added connection org.postgresql.jdbc.PgConnection@6a1d1467
2026-06-29 01:11:32.295 INFO  [main] com.zaxxer.hikari.HikariDataSource - HikariPool-1 - Start completed.
2026-06-29 01:11:32.302 DEBUG [main] o.h.e.j.e.i.JdbcEnvironmentInitiator - Database ->
	   name : PostgreSQL
	version : 16.13 (Ubuntu 16.13-0ubuntu0.24.04.1)
	  major : 16
	  minor : 13
2026-06-29 01:11:32.302 DEBUG [main] o.h.e.j.e.i.JdbcEnvironmentInitiator - Driver ->
	   name : PostgreSQL JDBC Driver
	version : 42.7.3
	  major : 42
	  minor : 7
2026-06-29 01:11:32.303 DEBUG [main] o.h.e.j.e.i.JdbcEnvironmentInitiator - JDBC version : 4.2
2026-06-29 01:11:32.331 WARN  [main] org.hibernate.orm.deprecation - HHH90000025: PostgreSQLDialect does not need to be specified explicitly using 'hibernate.dialect' (remove the property setting and it will be selected by default)
2026-06-29 01:11:32.332 DEBUG [main] org.hibernate.orm.dialect - HHH035001: Using dialect: org.hibernate.dialect.PostgreSQLDialect, version: 16.13
2026-06-29 01:11:32.338 DEBUG [main] o.h.e.j.e.s.IdentifierHelperBuilder - JDBC driver metadata reported database stores quoted identifiers in neither upper, lower nor mixed case
2026-06-29 01:11:32.345 DEBUG [main] org.hibernate.orm.jdbc.lob - HHH10010004: Disabling contextual LOB creation as Dialect reported it is not supported
2026-06-29 01:11:32.358 DEBUG [main] o.h.t.d.sql.spi.DdlTypeRegistry - addDescriptor(2003, org.hibernate.type.descriptor.sql.internal.ArrayDdlTypeImpl@2e40fdbd) replaced previous registration(org.hibernate.type.descriptor.sql.internal.ArrayDdlTypeImpl@246de37e)
2026-06-29 01:11:32.358 DEBUG [main] o.h.t.d.sql.spi.DdlTypeRegistry - addDescriptor(6, org.hibernate.type.descriptor.sql.internal.CapacityDependentDdlType@19647566) replaced previous registration(org.hibernate.type.descriptor.sql.internal.DdlTypeImpl@7b79ff1c)
2026-06-29 01:11:32.360 DEBUG [main] o.h.t.d.jdbc.spi.JdbcTypeRegistry - addDescriptor(2004, BlobTypeDescriptor(BLOB_BINDING)) replaced previous registration(BlobTypeDescriptor(DEFAULT))
2026-06-29 01:11:32.360 DEBUG [main] o.h.t.d.jdbc.spi.JdbcTypeRegistry - addDescriptor(2005, ClobTypeDescriptor(CLOB_BINDING)) replaced previous registration(ClobTypeDescriptor(DEFAULT))
2026-06-29 01:11:32.367 DEBUG [main] o.hibernate.type.BasicTypeRegistry - Adding type registration JAVA_OBJECT -> org.hibernate.type.JavaObjectType@1be77a76
2026-06-29 01:11:32.368 DEBUG [main] o.hibernate.type.BasicTypeRegistry - Adding type registration java.lang.Object -> org.hibernate.type.JavaObjectType@1be77a76
2026-06-29 01:11:32.368 DEBUG [main] o.hibernate.type.BasicTypeRegistry - Type registration key [java.lang.Object] overrode previous entry : `org.hibernate.type.JavaObjectType@8c43966`
2026-06-29 01:11:32.372 DEBUG [main] o.hibernate.type.BasicTypeRegistry - Adding type registration org.hibernate.type.DurationType -> basicType@1(java.time.Duration,3015)
2026-06-29 01:11:32.372 DEBUG [main] o.hibernate.type.BasicTypeRegistry - Adding type registration Duration -> basicType@1(java.time.Duration,3015)
2026-06-29 01:11:32.372 DEBUG [main] o.hibernate.type.BasicTypeRegistry - Adding type registration java.time.Duration -> basicType@1(java.time.Duration,3015)
2026-06-29 01:11:32.375 DEBUG [main] o.hibernate.type.BasicTypeRegistry - Adding type registration org.hibernate.type.OffsetDateTimeType -> basicType@2(java.time.OffsetDateTime,3003)
2026-06-29 01:11:32.375 DEBUG [main] o.hibernate.type.BasicTypeRegistry - Adding type registration OffsetDateTime -> basicType@2(java.time.OffsetDateTime,3003)
2026-06-29 01:11:32.375 DEBUG [main] o.hibernate.type.BasicTypeRegistry - Adding type registration java.time.OffsetDateTime -> basicType@2(java.time.OffsetDateTime,3003)
2026-06-29 01:11:32.375 DEBUG [main] o.hibernate.type.BasicTypeRegistry - Adding type registration org.hibernate.type.ZonedDateTimeType -> basicType@3(java.time.ZonedDateTime,3003)
2026-06-29 01:11:32.375 DEBUG [main] o.hibernate.type.BasicTypeRegistry - Adding type registration ZonedDateTime -> basicType@3(java.time.ZonedDateTime,3003)
2026-06-29 01:11:32.375 DEBUG [main] o.hibernate.type.BasicTypeRegistry - Adding type registration java.time.ZonedDateTime -> basicType@3(java.time.ZonedDateTime,3003)
2026-06-29 01:11:32.376 DEBUG [main] o.hibernate.type.BasicTypeRegistry - Adding type registration org.hibernate.type.OffsetTimeType -> basicType@4(java.time.OffsetTime,3007)
2026-06-29 01:11:32.376 DEBUG [main] o.hibernate.type.BasicTypeRegistry - Adding type registration OffsetTime -> basicType@4(java.time.OffsetTime,3007)
2026-06-29 01:11:32.376 DEBUG [main] o.hibernate.type.BasicTypeRegistry - Adding type registration java.time.OffsetTime -> basicType@4(java.time.OffsetTime,3007)
2026-06-29 01:11:32.377 DEBUG [main] o.h.type.spi.TypeConfiguration$Scope - Scoping TypeConfiguration [org.hibernate.type.spi.TypeConfiguration@1da53f4f] to MetadataBuildingContext [org.hibernate.boot.internal.MetadataBuildingContextRootImpl@4e7eba9f]
2026-06-29 01:11:32.395 DEBUG [HikariPool-1 housekeeper] com.zaxxer.hikari.pool.HikariPool - HikariPool-1 - Pool stats (total=1, active=0, idle=1, waiting=0)
2026-06-29 01:11:32.396 DEBUG [HikariPool-1 connection adder] org.postgresql.Driver - Connecting with URL: jdbc:postgresql://localhost:5433/ecole
2026-06-29 01:11:32.396 DEBUG [HikariPool-1 connection adder] org.postgresql.jdbc.PgConnection - PostgreSQL JDBC Driver 42.7.3
2026-06-29 01:11:32.396 DEBUG [HikariPool-1 connection adder] org.postgresql.jdbc.PgConnection -   setDefaultFetchSize = 0
2026-06-29 01:11:32.396 DEBUG [HikariPool-1 connection adder] org.postgresql.jdbc.PgConnection -   setPrepareThreshold = 5
2026-06-29 01:11:32.396 DEBUG [HikariPool-1 connection adder] o.p.core.v3.ConnectionFactoryImpl - Trying to establish a protocol version 3 connection to localhost:5433
2026-06-29 01:11:32.397 DEBUG [HikariPool-1 connection adder] o.p.core.v3.ConnectionFactoryImpl - Receive Buffer Size is 65 536
2026-06-29 01:11:32.397 DEBUG [HikariPool-1 connection adder] o.p.core.v3.ConnectionFactoryImpl - Send Buffer Size is 1 313 280
2026-06-29 01:11:32.398 DEBUG [HikariPool-1 connection adder] org.postgresql.ssl.MakeSSL - converting regular socket connection to ssl
2026-06-29 01:11:32.410 DEBUG [main] o.h.boot.model.relational.Namespace - Created database namespace [logicalName=Name{catalog=null, schema=null}, physicalName=Name{catalog=null, schema=null}]
2026-06-29 01:11:32.410 DEBUG [HikariPool-1 connection adder] jdk.event.security - X509Certificate: Alg:SHA256withRSA, Serial:10:ab:3a:ef:4e:94:aa:1e:73:4f:49:c3:0c:8e:89:06:eb:9e:91:26, Subject:CN=gaelle-zero, Issuer:CN=gaelle-zero, Key type:RSA, Length:2048, Cert Id:738753779, Valid from:22/04/2026 02:14, Valid until:19/04/2036 02:14
2026-06-29 01:11:32.419 DEBUG [HikariPool-1 connection adder] jdk.event.security -  TLSHandshake: localhost:5433, TLSv1.3, TLS_AES_256_GCM_SHA384, 738753779
2026-06-29 01:11:32.430 DEBUG [HikariPool-1 connection adder] com.zaxxer.hikari.pool.HikariPool - HikariPool-1 - Added connection org.postgresql.jdbc.PgConnection@15dd2ed7
2026-06-29 01:11:32.431 DEBUG [main] o.h.boot.model.internal.EntityBinder - Binding entity from annotated class: com.ecole.entity.Etudiant.Absence
2026-06-29 01:11:32.437 DEBUG [main] o.h.boot.model.internal.EntityBinder - Import with entity name Absence
2026-06-29 01:11:32.444 DEBUG [main] o.h.boot.model.internal.EntityBinder - Bind entity com.ecole.entity.Etudiant.Absence on table absences
2026-06-29 01:11:32.452 DEBUG [main] o.h.b.model.internal.AnnotatedColumn - Binding column: AnnotatedDiscriminatorColumn(column='DTYPE')
2026-06-29 01:11:32.461 DEBUG [HikariPool-1 connection adder] com.zaxxer.hikari.pool.HikariPool - HikariPool-1 - After adding stats (total=2, active=0, idle=2, waiting=0)
2026-06-29 01:11:32.461 DEBUG [HikariPool-1 connection adder] org.postgresql.Driver - Connecting with URL: jdbc:postgresql://localhost:5433/ecole
2026-06-29 01:11:32.462 DEBUG [HikariPool-1 connection adder] org.postgresql.jdbc.PgConnection - PostgreSQL JDBC Driver 42.7.3
2026-06-29 01:11:32.462 DEBUG [HikariPool-1 connection adder] org.postgresql.jdbc.PgConnection -   setDefaultFetchSize = 0
2026-06-29 01:11:32.462 DEBUG [HikariPool-1 connection adder] org.postgresql.jdbc.PgConnection -   setPrepareThreshold = 5
2026-06-29 01:11:32.462 DEBUG [HikariPool-1 connection adder] o.p.core.v3.ConnectionFactoryImpl - Trying to establish a protocol version 3 connection to localhost:5433
2026-06-29 01:11:32.463 DEBUG [HikariPool-1 connection adder] o.p.core.v3.ConnectionFactoryImpl - Receive Buffer Size is 65 536
2026-06-29 01:11:32.463 DEBUG [HikariPool-1 connection adder] o.p.core.v3.ConnectionFactoryImpl - Send Buffer Size is 1 313 280
2026-06-29 01:11:32.463 DEBUG [HikariPool-1 connection adder] org.postgresql.ssl.MakeSSL - converting regular socket connection to ssl
2026-06-29 01:11:32.468 DEBUG [main] o.h.b.model.internal.AnnotatedColumn - Binding column: AnnotatedColumn()
2026-06-29 01:11:32.469 DEBUG [main] o.h.b.internal.ClassLoaderAccessImpl - Not known whether passed class name [com.ecole.entity.Etudiant.Absence] is safe
2026-06-29 01:11:32.469 DEBUG [main] o.h.b.internal.ClassLoaderAccessImpl - No temp ClassLoader provided; using live ClassLoader for loading potentially unsafe class : com.ecole.entity.Etudiant.Absence
2026-06-29 01:11:32.472 DEBUG [main] o.h.b.model.internal.PropertyBinder - MetadataSourceProcessor property id with lazy=false
2026-06-29 01:11:32.473 DEBUG [HikariPool-1 connection adder] jdk.event.security - X509Certificate: Alg:SHA256withRSA, Serial:10:ab:3a:ef:4e:94:aa:1e:73:4f:49:c3:0c:8e:89:06:eb:9e:91:26, Subject:CN=gaelle-zero, Issuer:CN=gaelle-zero, Key type:RSA, Length:2048, Cert Id:738753779, Valid from:22/04/2026 02:14, Valid until:19/04/2036 02:14
2026-06-29 01:11:32.477 DEBUG [main] o.h.b.m.i.AbstractPropertyHolder - Attempting to locate auto-apply AttributeConverter for property [com.ecole.entity.Etudiant.Absence:id]
2026-06-29 01:11:32.477 DEBUG [HikariPool-1 connection adder] jdk.event.security -  TLSHandshake: localhost:5433, TLSv1.3, TLS_AES_256_GCM_SHA384, 738753779
2026-06-29 01:11:32.480 DEBUG [main] o.h.b.m.internal.BasicValueBinder - building BasicValue for id
2026-06-29 01:11:32.482 DEBUG [main] org.hibernate.mapping.BasicValue - Skipping column re-registration: absences.id
2026-06-29 01:11:32.483 DEBUG [main] o.h.b.model.internal.PropertyBinder - Building property id
2026-06-29 01:11:32.486 DEBUG [main] o.h.boot.model.internal.BinderHelper - #makeIdGenerator(BasicValue([Column(id)]), id, identity, , ...)
2026-06-29 01:11:32.487 DEBUG [main] o.h.b.model.internal.AnnotatedColumn - Binding column: AnnotatedColumn(column='created_at')
2026-06-29 01:11:32.487 DEBUG [main] o.h.b.model.internal.PropertyBinder - MetadataSourceProcessor property createdAt with lazy=false
2026-06-29 01:11:32.487 DEBUG [main] o.h.b.m.i.AbstractPropertyHolder - Attempting to locate auto-apply AttributeConverter for property [com.ecole.entity.Etudiant.Absence:createdAt]
2026-06-29 01:11:32.487 DEBUG [main] o.h.b.m.internal.BasicValueBinder - building BasicValue for createdAt
2026-06-29 01:11:32.487 DEBUG [main] org.hibernate.mapping.BasicValue - Skipping column re-registration: absences.created_at
2026-06-29 01:11:32.487 DEBUG [main] o.h.b.model.internal.PropertyBinder - Building property createdAt
2026-06-29 01:11:32.488 DEBUG [main] o.h.b.model.internal.AnnotatedColumn - Binding column: AnnotatedColumn(column='date_validation')
2026-06-29 01:11:32.488 DEBUG [main] o.h.b.model.internal.PropertyBinder - MetadataSourceProcessor property dateValidation with lazy=false
2026-06-29 01:11:32.488 DEBUG [main] o.h.b.m.i.AbstractPropertyHolder - Attempting to locate auto-apply AttributeConverter for property [com.ecole.entity.Etudiant.Absence:dateValidation]
2026-06-29 01:11:32.488 DEBUG [main] o.h.b.m.internal.BasicValueBinder - building BasicValue for dateValidation
2026-06-29 01:11:32.488 DEBUG [main] org.hibernate.mapping.BasicValue - Skipping column re-registration: absences.date_validation
2026-06-29 01:11:32.488 DEBUG [main] o.h.b.model.internal.PropertyBinder - Building property dateValidation
2026-06-29 01:11:32.489 DEBUG [main] o.h.b.model.internal.AnnotatedColumn - Binding column: AnnotatedColumn(column='etudiant_id')
2026-06-29 01:11:32.489 DEBUG [main] o.h.b.model.internal.PropertyBinder - MetadataSourceProcessor property etudiantId with lazy=false
2026-06-29 01:11:32.489 DEBUG [main] o.h.b.m.i.AbstractPropertyHolder - Attempting to locate auto-apply AttributeConverter for property [com.ecole.entity.Etudiant.Absence:etudiantId]
2026-06-29 01:11:32.489 DEBUG [HikariPool-1 connection adder] com.zaxxer.hikari.pool.HikariPool - HikariPool-1 - Added connection org.postgresql.jdbc.PgConnection@1f2545a7
2026-06-29 01:11:32.489 DEBUG [main] o.h.b.m.internal.BasicValueBinder - building BasicValue for etudiantId
2026-06-29 01:11:32.489 DEBUG [main] org.hibernate.mapping.BasicValue - Skipping column re-registration: absences.etudiant_id
2026-06-29 01:11:32.489 DEBUG [main] o.h.b.model.internal.PropertyBinder - Building property etudiantId
2026-06-29 01:11:32.489 DEBUG [main] o.h.b.model.internal.AnnotatedColumn - Binding column: AnnotatedColumn(column='justificatif_url')
2026-06-29 01:11:32.490 DEBUG [main] o.h.b.model.internal.PropertyBinder - MetadataSourceProcessor property justificatifUrl with lazy=false
2026-06-29 01:11:32.490 DEBUG [main] o.h.b.m.i.AbstractPropertyHolder - Attempting to locate auto-apply AttributeConverter for property [com.ecole.entity.Etudiant.Absence:justificatifUrl]
2026-06-29 01:11:32.490 DEBUG [main] o.h.b.m.internal.BasicValueBinder - building BasicValue for justificatifUrl
2026-06-29 01:11:32.490 DEBUG [main] org.hibernate.mapping.BasicValue - Skipping column re-registration: absences.justificatif_url
2026-06-29 01:11:32.490 DEBUG [main] o.h.b.model.internal.PropertyBinder - Building property justificatifUrl
2026-06-29 01:11:32.490 DEBUG [main] o.h.b.model.internal.AnnotatedColumn - Binding column: AnnotatedColumn(column='motif')
2026-06-29 01:11:32.490 DEBUG [main] o.h.b.model.internal.PropertyBinder - MetadataSourceProcessor property motif with lazy=false
2026-06-29 01:11:32.490 DEBUG [main] o.h.b.m.i.AbstractPropertyHolder - Attempting to locate auto-apply AttributeConverter for property [com.ecole.entity.Etudiant.Absence:motif]
2026-06-29 01:11:32.490 DEBUG [main] o.h.b.m.internal.BasicValueBinder - building BasicValue for motif
2026-06-29 01:11:32.490 DEBUG [main] org.hibernate.mapping.BasicValue - Skipping column re-registration: absences.motif
2026-06-29 01:11:32.490 DEBUG [main] o.h.b.model.internal.PropertyBinder - Building property motif
2026-06-29 01:11:32.490 DEBUG [main] o.h.b.model.internal.AnnotatedColumn - Binding column: AnnotatedColumn(column='saisi_par')
2026-06-29 01:11:32.491 DEBUG [main] o.h.b.model.internal.PropertyBinder - MetadataSourceProcessor property saisiPar with lazy=false
2026-06-29 01:11:32.491 DEBUG [main] o.h.b.m.i.AbstractPropertyHolder - Attempting to locate auto-apply AttributeConverter for property [com.ecole.entity.Etudiant.Absence:saisiPar]
2026-06-29 01:11:32.491 DEBUG [main] o.h.b.m.internal.BasicValueBinder - building BasicValue for saisiPar
2026-06-29 01:11:32.491 DEBUG [main] org.hibernate.mapping.BasicValue - Skipping column re-registration: absences.saisi_par
2026-06-29 01:11:32.491 DEBUG [main] o.h.b.model.internal.PropertyBinder - Building property saisiPar
2026-06-29 01:11:32.491 DEBUG [main] o.h.b.model.internal.AnnotatedColumn - Binding column: AnnotatedColumn(column='seance_id')
2026-06-29 01:11:32.491 DEBUG [main] o.h.b.model.internal.PropertyBinder - MetadataSourceProcessor property seanceId with lazy=false
2026-06-29 01:11:32.492 DEBUG [main] o.h.b.m.i.AbstractPropertyHolder - Attempting to locate auto-apply AttributeConverter for property [com.ecole.entity.Etudiant.Absence:seanceId]
2026-06-29 01:11:32.492 DEBUG [main] o.h.b.m.internal.BasicValueBinder - building BasicValue for seanceId
2026-06-29 01:11:32.492 DEBUG [main] org.hibernate.mapping.BasicValue - Skipping column re-registration: absences.seance_id
2026-06-29 01:11:32.492 DEBUG [main] o.h.b.model.internal.PropertyBinder - Building property seanceId
2026-06-29 01:11:32.492 DEBUG [main] o.h.b.model.internal.AnnotatedColumn - Binding column: AnnotatedColumn(column='type')
2026-06-29 01:11:32.492 DEBUG [main] o.h.b.model.internal.PropertyBinder - MetadataSourceProcessor property type with lazy=false
2026-06-29 01:11:32.492 DEBUG [main] o.h.b.m.i.AbstractPropertyHolder - Attempting to locate auto-apply AttributeConverter for property [com.ecole.entity.Etudiant.Absence:type]
2026-06-29 01:11:32.493 DEBUG [main] o.h.b.m.internal.BasicValueBinder - building BasicValue for type
2026-06-29 01:11:32.493 DEBUG [main] org.hibernate.mapping.BasicValue - Skipping column re-registration: absences.type
2026-06-29 01:11:32.493 DEBUG [main] o.h.b.model.internal.PropertyBinder - Building property type
2026-06-29 01:11:32.493 DEBUG [main] o.h.b.model.internal.AnnotatedColumn - Binding column: AnnotatedColumn(column='updated_at')
2026-06-29 01:11:32.493 DEBUG [main] o.h.b.model.internal.PropertyBinder - MetadataSourceProcessor property updatedAt with lazy=false
2026-06-29 01:11:32.493 DEBUG [main] o.h.b.m.i.AbstractPropertyHolder - Attempting to locate auto-apply AttributeConverter for property [com.ecole.entity.Etudiant.Absence:updatedAt]
2026-06-29 01:11:32.493 DEBUG [main] o.h.b.m.internal.BasicValueBinder - building BasicValue for updatedAt
2026-06-29 01:11:32.493 DEBUG [main] org.hibernate.mapping.BasicValue - Skipping column re-registration: absences.updated_at
2026-06-29 01:11:32.494 DEBUG [main] o.h.b.model.internal.PropertyBinder - Building property updatedAt
2026-06-29 01:11:32.494 DEBUG [main] o.h.b.model.internal.AnnotatedColumn - Binding column: AnnotatedColumn(column='valide_par')
2026-06-29 01:11:32.494 DEBUG [main] o.h.b.model.internal.PropertyBinder - MetadataSourceProcessor property validePar with lazy=false
2026-06-29 01:11:32.494 DEBUG [main] o.h.b.m.i.AbstractPropertyHolder - Attempting to locate auto-apply AttributeConverter for property [com.ecole.entity.Etudiant.Absence:validePar]
2026-06-29 01:11:32.494 DEBUG [main] o.h.b.m.internal.BasicValueBinder - building BasicValue for validePar
2026-06-29 01:11:32.494 DEBUG [main] org.hibernate.mapping.BasicValue - Skipping column re-registration: absences.valide_par
2026-06-29 01:11:32.494 DEBUG [main] o.h.b.model.internal.PropertyBinder - Building property validePar
2026-06-29 01:11:32.496 DEBUG [main] o.h.b.r.c.i.ClassLoaderServiceImpl - HHH000194: Package not found or no package-info.java: com.ecole.entity.Etudiant
2026-06-29 01:11:32.500 DEBUG [main] o.h.boot.model.internal.EntityBinder - Binding entity from annotated class: com.ecole.entity.Etudiant.AffectationEnseignement
2026-06-29 01:11:32.501 DEBUG [main] o.h.boot.model.internal.EntityBinder - Import with entity name AffectationEnseignement
2026-06-29 01:11:32.501 DEBUG [main] o.h.boot.model.internal.EntityBinder - Bind entity com.ecole.entity.Etudiant.AffectationEnseignement on table affectations_enseignement
2026-06-29 01:11:32.502 DEBUG [main] o.h.b.model.internal.AnnotatedColumn - Binding column: AnnotatedDiscriminatorColumn(column='DTYPE')
2026-06-29 01:11:32.508 DEBUG [main] o.h.b.model.internal.AnnotatedColumn - Binding column: AnnotatedColumn()
2026-06-29 01:11:32.508 DEBUG [main] o.h.b.internal.ClassLoaderAccessImpl - Not known whether passed class name [com.ecole.entity.Etudiant.AffectationEnseignement] is safe
2026-06-29 01:11:32.508 DEBUG [main] o.h.b.internal.ClassLoaderAccessImpl - No temp ClassLoader provided; using live ClassLoader for loading potentially unsafe class : com.ecole.entity.Etudiant.AffectationEnseignement
2026-06-29 01:11:32.508 DEBUG [main] o.h.b.model.internal.PropertyBinder - MetadataSourceProcessor property id with lazy=false
2026-06-29 01:11:32.508 DEBUG [main] o.h.b.m.i.AbstractPropertyHolder - Attempting to locate auto-apply AttributeConverter for property [com.ecole.entity.Etudiant.AffectationEnseignement:id]
2026-06-29 01:11:32.508 DEBUG [main] o.h.b.m.internal.BasicValueBinder - building BasicValue for id
2026-06-29 01:11:32.508 DEBUG [main] org.hibernate.mapping.BasicValue - Skipping column re-registration: affectations_enseignement.id
2026-06-29 01:11:32.509 DEBUG [main] o.h.b.model.internal.PropertyBinder - Building property id
2026-06-29 01:11:32.509 DEBUG [main] o.h.boot.model.internal.BinderHelper - #makeIdGenerator(BasicValue([Column(id)]), id, identity, , ...)
2026-06-29 01:11:32.509 DEBUG [main] o.h.b.model.internal.AnnotatedColumn - Binding column: AnnotatedColumn(column='annee_scolaire_id')
2026-06-29 01:11:32.509 DEBUG [main] o.h.b.model.internal.PropertyBinder - MetadataSourceProcessor property anneeScolaireId with lazy=false
2026-06-29 01:11:32.509 DEBUG [main] o.h.b.m.i.AbstractPropertyHolder - Attempting to locate auto-apply AttributeConverter for property [com.ecole.entity.Etudiant.AffectationEnseignement:anneeScolaireId]
2026-06-29 01:11:32.509 DEBUG [main] o.h.b.m.internal.BasicValueBinder - building BasicValue for anneeScolaireId
2026-06-29 01:11:32.509 DEBUG [main] org.hibernate.mapping.BasicValue - Skipping column re-registration: affectations_enseignement.annee_scolaire_id
2026-06-29 01:11:32.509 DEBUG [main] o.h.b.model.internal.PropertyBinder - Building property anneeScolaireId
2026-06-29 01:11:32.510 DEBUG [main] o.h.b.model.internal.AnnotatedColumn - Binding column: AnnotatedColumn(column='classe_id')
2026-06-29 01:11:32.510 DEBUG [main] o.h.b.model.internal.PropertyBinder - MetadataSourceProcessor property classeId with lazy=false
2026-06-29 01:11:32.510 DEBUG [main] o.h.b.m.i.AbstractPropertyHolder - Attempting to locate auto-apply AttributeConverter for property [com.ecole.entity.Etudiant.AffectationEnseignement:classeId]
2026-06-29 01:11:32.510 DEBUG [main] o.h.b.m.internal.BasicValueBinder - building BasicValue for classeId
2026-06-29 01:11:32.510 DEBUG [main] org.hibernate.mapping.BasicValue - Skipping column re-registration: affectations_enseignement.classe_id
2026-06-29 01:11:32.510 DEBUG [main] o.h.b.model.internal.PropertyBinder - Building property classeId
2026-06-29 01:11:32.510 DEBUG [main] o.h.b.model.internal.AnnotatedColumn - Binding column: AnnotatedColumn(column='created_at')
2026-06-29 01:11:32.510 DEBUG [main] o.h.b.model.internal.PropertyBinder - MetadataSourceProcessor property createdAt with lazy=false
2026-06-29 01:11:32.510 DEBUG [main] o.h.b.m.i.AbstractPropertyHolder - Attempting to locate auto-apply AttributeConverter for property [com.ecole.entity.Etudiant.AffectationEnseignement:createdAt]
2026-06-29 01:11:32.510 DEBUG [main] o.h.b.m.internal.BasicValueBinder - building BasicValue for createdAt
2026-06-29 01:11:32.511 DEBUG [main] org.hibernate.mapping.BasicValue - Skipping column re-registration: affectations_enseignement.created_at
2026-06-29 01:11:32.511 DEBUG [main] o.h.b.model.internal.PropertyBinder - Building property createdAt
2026-06-29 01:11:32.511 DEBUG [main] o.h.b.model.internal.AnnotatedColumn - Binding column: AnnotatedColumn(column='heures_hebdo')
2026-06-29 01:11:32.511 DEBUG [main] o.h.b.model.internal.PropertyBinder - MetadataSourceProcessor property heuresHebdo with lazy=false
2026-06-29 01:11:32.511 DEBUG [main] o.h.b.m.i.AbstractPropertyHolder - Attempting to locate auto-apply AttributeConverter for property [com.ecole.entity.Etudiant.AffectationEnseignement:heuresHebdo]
2026-06-29 01:11:32.511 DEBUG [main] o.h.b.m.internal.BasicValueBinder - building BasicValue for heuresHebdo
2026-06-29 01:11:32.511 DEBUG [main] org.hibernate.mapping.BasicValue - Skipping column re-registration: affectations_enseignement.heures_hebdo
2026-06-29 01:11:32.511 DEBUG [main] o.h.b.model.internal.PropertyBinder - Building property heuresHebdo
2026-06-29 01:11:32.513 DEBUG [main] o.h.b.model.internal.AnnotatedColumn - Binding column: AnnotatedJoinColumn(column='matiere_id')
2026-06-29 01:11:32.513 DEBUG [main] o.h.b.model.internal.AnnotatedColumn - Binding column: AnnotatedColumn()
2026-06-29 01:11:32.517 DEBUG [main] o.h.b.model.internal.PropertyBinder - Building property matiere
2026-06-29 01:11:32.517 DEBUG [main] o.h.b.model.internal.AnnotatedColumn - Binding column: AnnotatedJoinColumn(column='professeur_id')
2026-06-29 01:11:32.517 DEBUG [main] o.h.b.model.internal.AnnotatedColumn - Binding column: AnnotatedColumn()
2026-06-29 01:11:32.517 DEBUG [main] o.h.b.model.internal.PropertyBinder - Building property professeur
2026-06-29 01:11:32.518 DEBUG [main] o.h.b.r.c.i.ClassLoaderServiceImpl - HHH000194: Package not found or no package-info.java: com.ecole.entity.Etudiant
2026-06-29 01:11:32.519 DEBUG [main] o.h.boot.model.internal.EntityBinder - Binding entity from annotated class: com.ecole.entity.Etudiant.AnneeScolaire
2026-06-29 01:11:32.519 DEBUG [main] o.h.boot.model.internal.EntityBinder - Import with entity name AnneeScolaire
2026-06-29 01:11:32.519 DEBUG [main] o.h.boot.model.internal.EntityBinder - Bind entity com.ecole.entity.Etudiant.AnneeScolaire on table annees_scolaires
2026-06-29 01:11:32.519 DEBUG [HikariPool-1 connection adder] com.zaxxer.hikari.pool.HikariPool - HikariPool-1 - After adding stats (total=3, active=0, idle=3, waiting=0)
2026-06-29 01:11:32.519 DEBUG [main] o.h.b.model.internal.AnnotatedColumn - Binding column: AnnotatedDiscriminatorColumn(column='DTYPE')
2026-06-29 01:11:32.519 DEBUG [HikariPool-1 connection adder] org.postgresql.Driver - Connecting with URL: jdbc:postgresql://localhost:5433/ecole
2026-06-29 01:11:32.520 DEBUG [HikariPool-1 connection adder] org.postgresql.jdbc.PgConnection - PostgreSQL JDBC Driver 42.7.3
2026-06-29 01:11:32.520 DEBUG [HikariPool-1 connection adder] org.postgresql.jdbc.PgConnection -   setDefaultFetchSize = 0
2026-06-29 01:11:32.520 DEBUG [HikariPool-1 connection adder] org.postgresql.jdbc.PgConnection -   setPrepareThreshold = 5
2026-06-29 01:11:32.520 DEBUG [HikariPool-1 connection adder] o.p.core.v3.ConnectionFactoryImpl - Trying to establish a protocol version 3 connection to localhost:5433
2026-06-29 01:11:32.520 DEBUG [main] o.h.b.model.internal.AnnotatedColumn - Binding column: AnnotatedColumn()
2026-06-29 01:11:32.520 DEBUG [main] o.h.b.internal.ClassLoaderAccessImpl - Not known whether passed class name [com.ecole.entity.Etudiant.AnneeScolaire] is safe
2026-06-29 01:11:32.520 DEBUG [main] o.h.b.internal.ClassLoaderAccessImpl - No temp ClassLoader provided; using live ClassLoader for loading potentially unsafe class : com.ecole.entity.Etudiant.AnneeScolaire
[...]

   TemplateEngineConfigurations.ReactiveTemplateEngineConfiguration:
      Did not match:
         - did not find reactive web application classes (OnWebApplicationCondition)

   ThymeleafAutoConfiguration.DataAttributeDialectConfiguration:
      Did not match:
         - @ConditionalOnClass did not find required class 'com.github.mxab.thymeleaf.extras.dataattribute.dialect.DataAttributeDialect' (OnClassCondition)

   ThymeleafAutoConfiguration.ThymeleafSecurityDialectConfiguration:
      Did not match:
         - @ConditionalOnClass did not find required class 'org.thymeleaf.extras.springsecurity6.dialect.SpringSecurityDialect' (OnClassCondition)

   ThymeleafAutoConfiguration.ThymeleafWebFluxConfiguration:
      Did not match:
         - did not find reactive web application classes (OnWebApplicationCondition)

   ThymeleafAutoConfiguration.ThymeleafWebLayoutConfiguration:
      Did not match:
         - @ConditionalOnClass did not find required class 'nz.net.ultraq.thymeleaf.layoutdialect.LayoutDialect' (OnClassCondition)

   ThymeleafAutoConfiguration.ThymeleafWebMvcConfiguration#resourceUrlEncodingFilter:
      Did not match:
         - @ConditionalOnEnabledResourceChain did not find class org.webjars.WebJarAssetLocator (OnEnabledResourceChainCondition)

   TransactionAutoConfiguration#transactionalOperator:
      Did not match:
         - @ConditionalOnSingleCandidate (types: org.springframework.transaction.ReactiveTransactionManager; SearchStrategy: all) did not find any beans (OnBeanCondition)

   TransactionAutoConfiguration.AspectJTransactionManagementConfiguration:
      Did not match:
         - @ConditionalOnBean (types: org.springframework.transaction.aspectj.AbstractTransactionAspect; SearchStrategy: all) did not find any beans of type org.springframework.transaction.aspectj.AbstractTransactionAspect (OnBeanCondition)

   TransactionAutoConfiguration.EnableTransactionManagementConfiguration.JdkDynamicAutoProxyConfiguration:
      Did not match:
         - @ConditionalOnProperty (spring.aop.proxy-target-class=false) did not find property 'proxy-target-class' (OnPropertyCondition)

   ValidationAutoConfiguration:
      Did not match:
         - @ConditionalOnClass did not find required class 'jakarta.validation.executable.ExecutableValidator' (OnClassCondition)

   WebClientAutoConfiguration:
      Did not match:
         - @ConditionalOnClass did not find required class 'org.springframework.web.reactive.function.client.WebClient' (OnClassCondition)

   WebFluxAutoConfiguration:
      Did not match:
         - @ConditionalOnClass did not find required class 'org.springframework.web.reactive.config.WebFluxConfigurer' (OnClassCondition)

   WebMvcAutoConfiguration#hiddenHttpMethodFilter:
      Did not match:
         - @ConditionalOnProperty (spring.mvc.hiddenmethod.filter.enabled) did not find property 'enabled' (OnPropertyCondition)

   WebMvcAutoConfiguration.ProblemDetailsErrorHandlingConfiguration:
      Did not match:
         - @ConditionalOnProperty (spring.mvc.problemdetails.enabled=true) did not find property 'enabled' (OnPropertyCondition)

   WebMvcAutoConfiguration.ResourceChainCustomizerConfiguration:
      Did not match:
         - @ConditionalOnEnabledResourceChain did not find class org.webjars.WebJarAssetLocator (OnEnabledResourceChainCondition)

   WebMvcAutoConfiguration.WebMvcAutoConfigurationAdapter#beanNameViewResolver:
      Did not match:
         - @ConditionalOnBean (types: org.springframework.web.servlet.View; SearchStrategy: all) did not find any beans of type org.springframework.web.servlet.View (OnBeanCondition)

   WebServiceTemplateAutoConfiguration:
      Did not match:
         - @ConditionalOnClass did not find required class 'org.springframework.oxm.Marshaller' (OnClassCondition)

   WebServicesAutoConfiguration:
      Did not match:
         - @ConditionalOnClass did not find required class 'org.springframework.ws.transport.http.MessageDispatcherServlet' (OnClassCondition)

   WebSessionIdResolverAutoConfiguration:
      Did not match:
         - @ConditionalOnClass did not find required class 'reactor.core.publisher.Mono' (OnClassCondition)

   WebSocketMessagingAutoConfiguration:
      Did not match:
         - @ConditionalOnClass did not find required class 'org.springframework.web.socket.config.annotation.WebSocketMessageBrokerConfigurer' (OnClassCondition)

   WebSocketReactiveAutoConfiguration:
      Did not match:
         - @ConditionalOnWebApplication did not find reactive web application classes (OnWebApplicationCondition)

   WebSocketServletAutoConfiguration.JettyWebSocketConfiguration:
      Did not match:
         - @ConditionalOnClass did not find required class 'org.eclipse.jetty.ee10.websocket.jakarta.server.config.JakartaWebSocketServletContainerInitializer' (OnClassCondition)

   WebSocketServletAutoConfiguration.UndertowWebSocketConfiguration:
      Did not match:
         - @ConditionalOnClass did not find required class 'io.undertow.websockets.jsr.Bootstrap' (OnClassCondition)

   XADataSourceAutoConfiguration:
      Did not match:
         - @ConditionalOnBean (types: org.springframework.boot.jdbc.XADataSourceWrapper; SearchStrategy: all) did not find any beans of type org.springframework.boot.jdbc.XADataSourceWrapper (OnBeanCondition)
      Matched:
         - @ConditionalOnClass found required classes 'javax.sql.DataSource', 'jakarta.transaction.TransactionManager', 'org.springframework.jdbc.datasource.embedded.EmbeddedDatabaseType' (OnClassCondition)


Exclusions:
-----------

    None


Unconditional classes:
----------------------

    org.springframework.boot.autoconfigure.context.ConfigurationPropertiesAutoConfiguration

    org.springframework.boot.autoconfigure.ssl.SslAutoConfiguration

    org.springframework.boot.autoconfigure.context.LifecycleAutoConfiguration

    org.springframework.boot.autoconfigure.context.PropertyPlaceholderAutoConfiguration

    org.springframework.boot.autoconfigure.availability.ApplicationAvailabilityAutoConfiguration

    org.springframework.boot.autoconfigure.info.ProjectInfoAutoConfiguration



2026-06-29 01:11:35.464 INFO  [main] c.e.ecole.EcoleApplicationTests - Started EcoleApplicationTests in 5.823 seconds (process running for 6.769)
2026-06-29 01:11:35.466 DEBUG [main] o.s.b.a.ApplicationAvailabilityBean - Application availability state LivenessState changed to CORRECT
2026-06-29 01:11:35.467 DEBUG [main] o.s.boot.devtools.restart.Restarter - Creating new Restarter for thread Thread[#1,main,5,main]
2026-06-29 01:11:35.467 DEBUG [main] o.s.b.a.ApplicationAvailabilityBean - Application availability state ReadinessState changed to ACCEPTING_TRAFFIC
2026-06-29 01:11:35.469 DEBUG [main] o.springframework.test.context.cache - Spring test ApplicationContext cache statistics: [DefaultContextCache@63031e98 size = 1, maxSize = 32, parentContextCount = 0, hitCount = 0, missCount = 1, failureCount = 0]
2026-06-29 01:11:35.469 DEBUG [main] o.s.t.c.w.ServletTestExecutionListener - Setting up MockHttpServletRequest, MockHttpServletResponse, ServletWebRequest, and RequestContextHolder for test class com.example.ecole.EcoleApplicationTests
2026-06-29 01:11:35.478 DEBUG [main] o.s.t.c.s.DependencyInjectionTestExecutionListener - Performing dependency injection for test class com.example.ecole.EcoleApplicationTests
2026-06-29 01:11:35.478 DEBUG [main] o.springframework.test.context.cache - Spring test ApplicationContext cache statistics: [DefaultContextCache@63031e98 size = 1, maxSize = 32, parentContextCount = 0, hitCount = 1, missCount = 1, failureCount = 0]
2026-06-29 01:11:35.479 DEBUG [main] o.springframework.test.context.cache - Spring test ApplicationContext cache statistics: [DefaultContextCache@63031e98 size = 1, maxSize = 32, parentContextCount = 0, hitCount = 2, missCount = 1, failureCount = 0]
2026-06-29 01:11:35.483 DEBUG [main] o.s.t.c.s.DirtiesContextBeforeModesTestExecutionListener - Before test method: class [EcoleApplicationTests], method [contextLoads], class annotated with @DirtiesContext [false] with mode [null], method annotated with @DirtiesContext [false] with mode [null]
2026-06-29 01:11:35.485 DEBUG [main] o.springframework.test.context.cache - Spring test ApplicationContext cache statistics: [DefaultContextCache@63031e98 size = 1, maxSize = 32, parentContextCount = 0, hitCount = 3, missCount = 1, failureCount = 0]
2026-06-29 01:11:35.485 DEBUG [main] o.springframework.test.context.cache - Spring test ApplicationContext cache statistics: [DefaultContextCache@63031e98 size = 1, maxSize = 32, parentContextCount = 0, hitCount = 4, missCount = 1, failureCount = 0]
2026-06-29 01:11:35.513 DEBUG [main] java.lang.ProcessBuilder - ProcessBuilder.start(): pid: 56766, dir: null, cmd: "/usr/lib/jvm/java-21-openjdk-amd64/bin/java"
java.lang.RuntimeException: ProcessBuilder.start() debug
	at java.base/java.lang.ProcessBuilder.start(ProcessBuilder.java:1147)
	at java.base/java.lang.ProcessBuilder.start(ProcessBuilder.java:1089)
	at net.bytebuddy.agent.ByteBuddyAgent.installExternal(ByteBuddyAgent.java:705)
	at net.bytebuddy.agent.ByteBuddyAgent.install(ByteBuddyAgent.java:636)
	at net.bytebuddy.agent.ByteBuddyAgent.install(ByteBuddyAgent.java:616)
	at net.bytebuddy.agent.ByteBuddyAgent.install(ByteBuddyAgent.java:568)
	at net.bytebuddy.agent.ByteBuddyAgent.install(ByteBuddyAgent.java:545)
	at org.mockito.internal.creation.bytebuddy.InlineDelegateByteBuddyMockMaker.<clinit>(InlineDelegateByteBuddyMockMaker.java:133)
	at org.mockito.internal.creation.bytebuddy.InlineByteBuddyMockMaker.<init>(InlineByteBuddyMockMaker.java:23)
	at java.base/jdk.internal.reflect.DirectConstructorHandleAccessor.newInstance(DirectConstructorHandleAccessor.java:62)
	at java.base/java.lang.reflect.Constructor.newInstanceWithCaller(Constructor.java:502)
	at java.base/java.lang.reflect.Constructor.newInstance(Constructor.java:486)
	at org.mockito.internal.configuration.plugins.DefaultMockitoPlugins.create(DefaultMockitoPlugins.java:103)
	at org.mockito.internal.configuration.plugins.DefaultMockitoPlugins.getDefaultPlugin(DefaultMockitoPlugins.java:79)
	at org.mockito.internal.configuration.plugins.PluginLoader.loadPlugin(PluginLoader.java:75)
	at org.mockito.internal.configuration.plugins.PluginLoader.loadPlugin(PluginLoader.java:49)
	at org.mockito.internal.configuration.plugins.PluginRegistry.<init>(PluginRegistry.java:29)
	at org.mockito.internal.configuration.plugins.Plugins.<clinit>(Plugins.java:26)
	at org.mockito.internal.MockitoCore.<clinit>(MockitoCore.java:71)
	at org.mockito.Mockito.<clinit>(Mockito.java:1683)
	at org.springframework.boot.test.mock.mockito.MockReset.get(MockReset.java:105)
	at org.springframework.boot.test.mock.mockito.ResetMocksTestExecutionListener.resetMocks(ResetMocksTestExecutionListener.java:85)
	at org.springframework.boot.test.mock.mockito.ResetMocksTestExecutionListener.resetMocks(ResetMocksTestExecutionListener.java:73)
	at org.springframework.boot.test.mock.mockito.ResetMocksTestExecutionListener.beforeTestMethod(ResetMocksTestExecutionListener.java:60)
	at org.springframework.test.context.TestContextManager.beforeTestMethod(TestContextManager.java:320)
	at org.springframework.test.context.junit.jupiter.SpringExtension.beforeEach(SpringExtension.java:240)
	at org.junit.jupiter.engine.descriptor.TestMethodTestDescriptor.lambda$invokeBeforeEachCallbacks$2(TestMethodTestDescriptor.java:167)
	at org.junit.jupiter.engine.descriptor.TestMethodTestDescriptor.lambda$invokeBeforeMethodsOrCallbacksUntilExceptionOccurs$6(TestMethodTestDescriptor.java:203)
	at org.junit.platform.engine.support.hierarchical.ThrowableCollector.execute(ThrowableCollector.java:73)
	at org.junit.jupiter.engine.descriptor.TestMethodTestDescriptor.invokeBeforeMethodsOrCallbacksUntilExceptionOccurs(TestMethodTestDescriptor.java:203)
	at org.junit.jupiter.engine.descriptor.TestMethodTestDescriptor.invokeBeforeEachCallbacks(TestMethodTestDescriptor.java:166)
	at org.junit.jupiter.engine.descriptor.TestMethodTestDescriptor.execute(TestMethodTestDescriptor.java:133)
	at org.junit.jupiter.engine.descriptor.TestMethodTestDescriptor.execute(TestMethodTestDescriptor.java:69)
	at org.junit.platform.engine.support.hierarchical.NodeTestTask.lambda$executeRecursively$6(NodeTestTask.java:151)
	at org.junit.platform.engine.support.hierarchical.ThrowableCollector.execute(ThrowableCollector.java:73)
	at org.junit.platform.engine.support.hierarchical.NodeTestTask.lambda$executeRecursively$8(NodeTestTask.java:141)
	at org.junit.platform.engine.support.hierarchical.Node.around(Node.java:137)
	at org.junit.platform.engine.support.hierarchical.NodeTestTask.lambda$executeRecursively$9(NodeTestTask.java:139)
	at org.junit.platform.engine.support.hierarchical.ThrowableCollector.execute(ThrowableCollector.java:73)
	at org.junit.platform.engine.support.hierarchical.NodeTestTask.executeRecursively(NodeTestTask.java:138)
	at org.junit.platform.engine.support.hierarchical.NodeTestTask.execute(NodeTestTask.java:95)
	at java.base/java.util.ArrayList.forEach(ArrayList.java:1596)
	at org.junit.platform.engine.support.hierarchical.SameThreadHierarchicalTestExecutorService.invokeAll(SameThreadHierarchicalTestExecutorService.java:41)
	at org.junit.platform.engine.support.hierarchical.NodeTestTask.lambda$executeRecursively$6(NodeTestTask.java:155)
	at org.junit.platform.engine.support.hierarchical.ThrowableCollector.execute(ThrowableCollector.java:73)
	at org.junit.platform.engine.support.hierarchical.NodeTestTask.lambda$executeRecursively$8(NodeTestTask.java:141)
	at org.junit.platform.engine.support.hierarchical.Node.around(Node.java:137)
	at org.junit.platform.engine.support.hierarchical.NodeTestTask.lambda$executeRecursively$9(NodeTestTask.java:139)
	at org.junit.platform.engine.support.hierarchical.ThrowableCollector.execute(ThrowableCollector.java:73)
	at org.junit.platform.engine.support.hierarchical.NodeTestTask.executeRecursively(NodeTestTask.java:138)
	at org.junit.platform.engine.support.hierarchical.NodeTestTask.execute(NodeTestTask.java:95)
	at java.base/java.util.ArrayList.forEach(ArrayList.java:1596)
	at org.junit.platform.engine.support.hierarchical.SameThreadHierarchicalTestExecutorService.invokeAll(SameThreadHierarchicalTestExecutorService.java:41)
	at org.junit.platform.engine.support.hierarchical.NodeTestTask.lambda$executeRecursively$6(NodeTestTask.java:155)
	at org.junit.platform.engine.support.hierarchical.ThrowableCollector.execute(ThrowableCollector.java:73)
	at org.junit.platform.engine.support.hierarchical.NodeTestTask.lambda$executeRecursively$8(NodeTestTask.java:141)
	at org.junit.platform.engine.support.hierarchical.Node.around(Node.java:137)
	at org.junit.platform.engine.support.hierarchical.NodeTestTask.lambda$executeRecursively$9(NodeTestTask.java:139)
	at org.junit.platform.engine.support.hierarchical.ThrowableCollector.execute(ThrowableCollector.java:73)
	at org.junit.platform.engine.support.hierarchical.NodeTestTask.executeRecursively(NodeTestTask.java:138)
	at org.junit.platform.engine.support.hierarchical.NodeTestTask.execute(NodeTestTask.java:95)
	at org.junit.platform.engine.support.hierarchical.SameThreadHierarchicalTestExecutorService.submit(SameThreadHierarchicalTestExecutorService.java:35)
	at org.junit.platform.engine.support.hierarchical.HierarchicalTestExecutor.execute(HierarchicalTestExecutor.java:57)
	at org.junit.platform.engine.support.hierarchical.HierarchicalTestEngine.execute(HierarchicalTestEngine.java:54)
	at org.junit.platform.launcher.core.EngineExecutionOrchestrator.execute(EngineExecutionOrchestrator.java:198)
	at org.junit.platform.launcher.core.EngineExecutionOrchestrator.execute(EngineExecutionOrchestrator.java:169)
	at org.junit.platform.launcher.core.EngineExecutionOrchestrator.execute(EngineExecutionOrchestrator.java:93)
	at org.junit.platform.launcher.core.EngineExecutionOrchestrator.lambda$execute$0(EngineExecutionOrchestrator.java:58)
	at org.junit.platform.launcher.core.EngineExecutionOrchestrator.withInterceptedStreams(EngineExecutionOrchestrator.java:141)
	at org.junit.platform.launcher.core.EngineExecutionOrchestrator.execute(EngineExecutionOrchestrator.java:57)
	at org.junit.platform.launcher.core.DefaultLauncher.execute(DefaultLauncher.java:103)
	at org.junit.platform.launcher.core.DefaultLauncher.execute(DefaultLauncher.java:85)
	at org.junit.platform.launcher.core.DelegatingLauncher.execute(DelegatingLauncher.java:47)
	at org.apache.maven.surefire.junitplatform.LazyLauncher.execute(LazyLauncher.java:56)
	at org.apache.maven.surefire.junitplatform.JUnitPlatformProvider.execute(JUnitPlatformProvider.java:184)
	at org.apache.maven.surefire.junitplatform.JUnitPlatformProvider.invokeAllTests(JUnitPlatformProvider.java:148)
	at org.apache.maven.surefire.junitplatform.JUnitPlatformProvider.invoke(JUnitPlatformProvider.java:122)
	at org.apache.maven.surefire.booter.ForkedBooter.runSuitesInProcess(ForkedBooter.java:385)
	at org.apache.maven.surefire.booter.ForkedBooter.execute(ForkedBooter.java:162)
	at org.apache.maven.surefire.booter.ForkedBooter.run(ForkedBooter.java:507)
	at org.apache.maven.surefire.booter.ForkedBooter.main(ForkedBooter.java:495)
2026-06-29 01:11:35.931 DEBUG [main] o.springframework.test.context.cache - Spring test ApplicationContext cache statistics: [DefaultContextCache@63031e98 size = 1, maxSize = 32, parentContextCount = 0, hitCount = 5, missCount = 1, failureCount = 0]
2026-06-29 01:11:35.936 DEBUG [main] o.springframework.test.context.cache - Spring test ApplicationContext cache statistics: [DefaultContextCache@63031e98 size = 1, maxSize = 32, parentContextCount = 0, hitCount = 6, missCount = 1, failureCount = 0]
2026-06-29 01:11:35.937 DEBUG [main] o.springframework.test.context.cache - Spring test ApplicationContext cache statistics: [DefaultContextCache@63031e98 size = 1, maxSize = 32, parentContextCount = 0, hitCount = 7, missCount = 1, failureCount = 0]
2026-06-29 01:11:35.937 DEBUG [main] o.springframework.test.context.cache - Spring test ApplicationContext cache statistics: [DefaultContextCache@63031e98 size = 1, maxSize = 32, parentContextCount = 0, hitCount = 8, missCount = 1, failureCount = 0]
2026-06-29 01:11:35.937 DEBUG [main] o.springframework.test.context.cache - Spring test ApplicationContext cache statistics: [DefaultContextCache@63031e98 size = 1, maxSize = 32, parentContextCount = 0, hitCount = 9, missCount = 1, failureCount = 0]
2026-06-29 01:11:35.938 DEBUG [main] o.springframework.test.context.cache - Spring test ApplicationContext cache statistics: [DefaultContextCache@63031e98 size = 1, maxSize = 32, parentContextCount = 0, hitCount = 10, missCount = 1, failureCount = 0]
2026-06-29 01:11:35.939 DEBUG [main] o.springframework.test.context.cache - Spring test ApplicationContext cache statistics: [DefaultContextCache@63031e98 size = 1, maxSize = 32, parentContextCount = 0, hitCount = 11, missCount = 1, failureCount = 0]
2026-06-29 01:11:35.940 DEBUG [main] o.s.t.c.s.DirtiesContextTestExecutionListener - After test method: class [EcoleApplicationTests], method [contextLoads], class annotated with @DirtiesContext [false] with mode [null], method annotated with @DirtiesContext [false] with mode [null]
2026-06-29 01:11:35.940 DEBUG [main] o.s.t.c.w.ServletTestExecutionListener - Resetting RequestContextHolder for test class com.example.ecole.EcoleApplicationTests
]]></system-out>
    <system-err><![CDATA[WARNING: A Java agent has been loaded dynamically (/home/gaelle/.m2/repository/net/bytebuddy/byte-buddy-agent/1.14.16/byte-buddy-agent-1.14.16.jar)
WARNING: If a serviceability tool is in use, please run with -XX:+EnableDynamicAgentLoading to hide this warning
WARNING: If a serviceability tool is not in use, please run with -Djdk.instrument.traceUsage for more information
WARNING: Dynamic loading of agents will be disallowed by default in a future release
]]></system-err>
  </testcase>
</testsuite>